2022-07-19 11:15:01,088 - __main__ - INFO - Token value: Token not available!
2022-07-19 11:15:01,760 - __main__ - INFO - Weather in Berlin: 30.32
2022-07-19 10:09:58,525 - __main__ - INFO - Token value: 1234
2022-07-19 10:09:58,949 - __main__ - INFO - Weather in Berlin: 32.56
2022-07-19 12:17:50,405 - __main__ - INFO - Token value: 1234
2022-07-19 12:17:50,875 - __main__ - INFO - Weather in Berlin: 33.66
2022-07-19 14:09:00,868 - __main__ - INFO - Token value: 1234
2022-07-19 14:09:01,435 - __main__ - INFO - Weather in Berlin: 34.86
2022-07-19 16:12:16,906 - __main__ - INFO - Token value: 1234
2022-07-19 16:12:17,306 - __main__ - INFO - Weather in Berlin: 34.28
2022-07-19 18:10:53,682 - __main__ - INFO - Token value: 1234
2022-07-19 18:10:53,844 - __main__ - INFO - Weather in Berlin: 31.9
2022-07-19 20:09:35,027 - __main__ - INFO - Token value: 1234
2022-07-19 20:09:35,139 - __main__ - INFO - Weather in Berlin: 27.52
2022-07-19 22:09:04,334 - __main__ - INFO - Token value: 1234
2022-07-19 22:09:04,912 - __main__ - INFO - Weather in Berlin: 25.4
2022-07-20 00:46:12,649 - __main__ - INFO - Token value: 1234
2022-07-20 00:46:13,296 - __main__ - INFO - Weather in Berlin: 24.18
2022-07-20 03:36:18,748 - __main__ - INFO - Token value: 1234
2022-07-20 03:36:18,916 - __main__ - INFO - Weather in Berlin: 22.12
2022-07-20 04:30:43,477 - __main__ - INFO - Token value: 1234
2022-07-20 04:30:43,776 - __main__ - INFO - Weather in Berlin: 21.64
2022-07-20 06:11:40,340 - __main__ - INFO - Token value: 1234
2022-07-20 06:11:41,194 - __main__ - INFO - Weather in Berlin: 24.95
2022-07-20 08:12:25,109 - __main__ - INFO - Token value: 1234
2022-07-20 08:12:25,397 - __main__ - INFO - Weather in Berlin: 30.85
2022-07-20 10:09:27,874 - __main__ - INFO - Token value: 1234
2022-07-20 10:09:28,041 - __main__ - INFO - Weather in Berlin: 35.42
2022-07-20 12:16:14,801 - __main__ - INFO - Token value: 1234
2022-07-20 12:16:15,447 - __main__ - INFO - Weather in Berlin: 36.64
2022-07-20 14:10:42,143 - __main__ - INFO - Token value: 1234
2022-07-20 14:10:42,285 - __main__ - INFO - Weather in Berlin: 37.34
2022-07-20 16:11:32,101 - __main__ - INFO - Token value: 1234
2022-07-20 16:11:32,270 - __main__ - INFO - Weather in Berlin: 36.32
2022-07-20 18:11:08,871 - __main__ - INFO - Token value: 1234
2022-07-20 18:11:09,450 - __main__ - INFO - Weather in Berlin: 35.75
2022-07-20 20:10:07,208 - __main__ - INFO - Token value: 1234
2022-07-20 20:10:07,807 - __main__ - INFO - Weather in Berlin: 29.16
2022-07-20 22:08:32,880 - __main__ - INFO - Token value: 1234
2022-07-20 22:08:33,309 - __main__ - INFO - Weather in Berlin: 27.72
2022-07-21 00:51:04,670 - __main__ - INFO - Token value: 1234
2022-07-21 00:51:04,945 - __main__ - INFO - Weather in Berlin: 25.62
2022-07-21 03:32:21,183 - __main__ - INFO - Token value: 1234
2022-07-21 03:32:21,622 - __main__ - INFO - Weather in Berlin: 24.17
2022-07-21 04:33:49,059 - __main__ - INFO - Token value: 1234
2022-07-21 04:33:49,712 - __main__ - INFO - Weather in Berlin: 23.8
2022-07-21 06:11:40,676 - __main__ - INFO - Token value: 1234
2022-07-21 06:11:41,078 - __main__ - INFO - Weather in Berlin: 24.1
2022-07-21 08:11:51,774 - __main__ - INFO - Token value: 1234
2022-07-21 08:11:51,925 - __main__ - INFO - Weather in Berlin: 26.61
2022-07-21 10:10:48,231 - __main__ - INFO - Token value: 1234
2022-07-21 10:10:48,658 - __main__ - INFO - Weather in Berlin: 29.39
2022-07-21 12:16:51,452 - __main__ - INFO - Token value: 1234
2022-07-21 12:16:52,210 - __main__ - INFO - Weather in Berlin: 29.02
2022-07-21 14:10:13,059 - __main__ - INFO - Token value: 1234
2022-07-21 14:10:13,760 - __main__ - INFO - Weather in Berlin: 24.62
2022-07-21 16:11:48,481 - __main__ - INFO - Token value: 1234
2022-07-21 16:11:49,254 - __main__ - INFO - Weather in Berlin: 24.51
2022-07-21 18:11:19,590 - __main__ - INFO - Token value: 1234
2022-07-21 18:11:19,965 - __main__ - INFO - Weather in Berlin: 25.79
2022-07-21 20:10:30,244 - __main__ - INFO - Token value: 1234
2022-07-21 20:10:30,328 - __main__ - INFO - Weather in Berlin: 22.77
2022-07-25 00:44:39,700 - __main__ - INFO - Token value: 1234
2022-07-25 00:44:40,082 - __main__ - INFO - Weather in Berlin: 19.9
2022-08-01 00:54:12,206 - __main__ - INFO - Token value: 1234
2022-08-01 00:54:12,694 - __main__ - INFO - Weather in Berlin: 20.23
2022-08-08 00:40:42,506 - __main__ - INFO - Token value: 1234
2022-08-08 00:40:42,610 - __main__ - INFO - Weather in Berlin: 16.92
2022-08-15 00:44:48,218 - __main__ - INFO - Token value: 1234
2022-08-15 00:44:48,828 - __main__ - INFO - Weather in Berlin: 22.05
2022-08-22 00:46:22,483 - __main__ - INFO - Token value: 1234
2022-08-22 00:46:22,604 - __main__ - INFO - Weather in Berlin: 16.54
2022-08-29 00:51:03,885 - __main__ - INFO - Token value: 1234
2022-08-29 00:51:04,463 - __main__ - INFO - Weather in Berlin: 13.61
2022-09-05 00:54:44,539 - __main__ - INFO - Token value: 1234
2022-09-05 00:54:45,065 - __main__ - INFO - Weather in Berlin: 15.8
2022-09-12 00:48:56,255 - __main__ - INFO - Token value: 1234
2022-09-12 00:48:56,362 - __main__ - INFO - Weather in Berlin: 12.68
2022-09-19 00:51:28,986 - __main__ - INFO - Token value: 1234
2022-09-19 00:51:29,073 - __main__ - INFO - Weather in Berlin: 8.79
2022-09-26 00:54:36,285 - __main__ - INFO - Token value: 1234
2022-09-26 00:54:36,670 - __main__ - INFO - Weather in Berlin: 11.75
2022-10-03 00:53:53,511 - __main__ - INFO - Token value: 1234
2022-10-03 00:53:54,115 - __main__ - INFO - Weather in Berlin: 11.07
2022-10-10 00:59:22,592 - __main__ - INFO - Token value: 1234
2022-10-10 00:59:22,684 - __main__ - INFO - Weather in Berlin: 7.73
2022-10-17 01:03:34,041 - __main__ - INFO - Token value: 1234
2022-10-17 01:03:34,808 - __main__ - INFO - Weather in Berlin: 13.02
2022-10-24 01:05:23,964 - __main__ - INFO - Token value: 1234
2022-10-24 01:05:24,197 - __main__ - INFO - Weather in Berlin: 13.27
2022-10-31 00:56:50,347 - __main__ - INFO - Token value: 1234
2022-10-31 00:56:50,781 - __main__ - INFO - Weather in Berlin: 13.45
2022-11-07 00:46:30,914 - __main__ - INFO - Token value: 1234
2022-11-07 00:46:31,482 - __main__ - INFO - Weather in Berlin: 6.9
2022-11-14 00:42:53,014 - __main__ - INFO - Token value: 1234
2022-11-14 00:42:53,136 - __main__ - INFO - Weather in Berlin: 6.58
2022-11-21 00:44:54,383 - __main__ - INFO - Token value: 1234
2022-11-21 00:44:54,891 - __main__ - INFO - Weather in Berlin: -1.89
2022-11-28 00:38:10,868 - __main__ - INFO - Token value: 1234
2022-11-28 00:38:10,962 - __main__ - INFO - Weather in Berlin: 4.03
2022-12-05 00:37:36,747 - __main__ - INFO - Token value: 1234
2022-12-05 00:37:37,346 - __main__ - INFO - Weather in Berlin: 2.48
2022-12-12 00:40:48,194 - __main__ - INFO - Token value: 1234
2022-12-12 00:40:48,347 - __main__ - INFO - Weather in Berlin: -1.51
2022-12-19 00:34:22,668 - __main__ - INFO - Token value: 1234
2022-12-19 00:34:23,349 - __main__ - INFO - Weather in Berlin: -4.73
2022-12-26 00:37:57,455 - __main__ - INFO - Token value: 1234
2022-12-26 00:37:58,555 - __main__ - INFO - Weather in Berlin: 8.58
2023-01-02 00:37:45,571 - __main__ - INFO - Token value: 1234
2023-01-02 00:37:46,198 - __main__ - INFO - Weather in Berlin: 11.86
2023-01-09 00:37:48,669 - __main__ - INFO - Token value: 1234
2023-01-09 00:37:49,006 - __main__ - INFO - Weather in Berlin: 5.01
2023-01-16 00:38:39,973 - __main__ - INFO - Token value: 1234
2023-01-16 00:38:40,358 - __main__ - INFO - Weather in Berlin: 4.9
2023-01-23 00:37:11,897 - __main__ - INFO - Token value: 1234
2023-01-23 00:37:12,431 - __main__ - INFO - Weather in Berlin: 1.65
2023-01-30 00:35:30,776 - __main__ - INFO - Token value: 1234
2023-01-30 00:35:31,351 - __main__ - INFO - Weather in Berlin: 1.63
2023-02-06 00:37:40,919 - __main__ - INFO - Token value: 1234
2023-02-06 00:37:41,397 - __main__ - INFO - Weather in Berlin: -2.01
2023-02-13 00:41:55,645 - __main__ - INFO - Token value: 1234
2023-02-13 00:41:56,334 - __main__ - INFO - Weather in Berlin: 7.16
2023-02-20 00:42:40,136 - __main__ - INFO - Token value: 1234
2023-02-20 00:42:40,714 - __main__ - INFO - Weather in Berlin: 2.39
2023-02-27 00:41:12,914 - __main__ - INFO - Token value: 1234
2023-02-27 00:41:13,506 - __main__ - INFO - Weather in Berlin: -1.34
2023-03-06 00:41:41,381 - __main__ - INFO - Token value: 1234
2023-03-06 00:41:41,518 - __main__ - INFO - Weather in Berlin: 0.94
2023-03-13 00:39:58,538 - __main__ - INFO - Token value: 1234
2023-03-13 00:39:58,984 - __main__ - INFO - Weather in Berlin: 5.94
2023-03-20 00:40:52,346 - __main__ - INFO - Token value: 1234
2023-03-20 00:40:52,864 - __main__ - INFO - Weather in Berlin: 10.36
2023-03-27 00:37:03,135 - __main__ - INFO - Token value: 1234
2023-03-27 00:37:03,579 - __main__ - INFO - Weather in Berlin: 4.49
2023-04-03 00:37:03,535 - __main__ - INFO - Token value: 1234
2023-04-03 00:37:03,887 - __main__ - INFO - Weather in Berlin: 1.06
2023-04-10 00:36:03,126 - __main__ - INFO - Token value: 1234
2023-04-10 00:36:03,601 - __main__ - INFO - Weather in Berlin: 6.65
2023-04-17 00:38:11,628 - __main__ - INFO - Token value: 1234
2023-04-17 00:38:11,958 - __main__ - INFO - Weather in Berlin: 7.47
2023-04-24 00:37:25,968 - __main__ - INFO - Token value: 1234
2023-04-24 00:37:26,548 - __main__ - INFO - Weather in Berlin: 11.24
2023-05-01 00:38:28,593 - __main__ - INFO - Token value: 1234
2023-05-01 00:38:29,237 - __main__ - INFO - Weather in Berlin: 4.74
2023-05-08 00:35:59,553 - __main__ - INFO - Token value: 1234
2023-05-08 00:36:00,012 - __main__ - INFO - Weather in Berlin: 8.12
2023-05-15 00:37:43,779 - __main__ - INFO - Token value: 1234
2023-05-15 00:37:44,323 - __main__ - INFO - Weather in Berlin: 13.01
2023-05-22 00:38:44,183 - __main__ - INFO - Token value: 1234
2023-05-22 00:38:44,825 - __main__ - INFO - Weather in Berlin: 18.93
2023-05-29 00:38:32,685 - __main__ - INFO - Token value: 1234
2023-05-29 00:38:33,317 - __main__ - INFO - Weather in Berlin: 13.49
2023-06-05 00:42:16,214 - __main__ - INFO - Token value: 1234
2023-06-05 00:42:16,354 - __main__ - INFO - Weather in Berlin: 12.54
2023-06-12 00:44:40,761 - __main__ - INFO - Token value: 1234
2023-06-12 00:44:41,287 - __main__ - INFO - Weather in Berlin: 17.95
2023-06-19 00:41:31,896 - __main__ - INFO - Token value: 1234
2023-06-19 00:41:32,077 - __main__ - INFO - Weather in Berlin: 17.46
2023-06-26 00:48:35,778 - __main__ - INFO - Token value: 1234
2023-06-26 00:48:35,965 - __main__ - INFO - Weather in Berlin: 19.96
2023-07-03 00:47:50,515 - __main__ - INFO - Token value: 1234
2023-07-03 00:47:51,503 - __main__ - INFO - Weather in Berlin: 14.82
2023-07-10 00:47:49,548 - __main__ - INFO - Token value: 1234
2023-07-10 00:47:50,169 - __main__ - INFO - Weather in Berlin: 21.4
2023-07-17 00:50:57,487 - __main__ - INFO - Token value: 1234
2023-07-17 00:50:58,057 - __main__ - INFO - Weather in Berlin: 17.68
2023-07-24 00:41:28,744 - __main__ - INFO - Token value: 1234
2023-07-24 00:41:29,341 - __main__ - INFO - Weather in Berlin: 19.18
2023-07-31 00:41:40,366 - __main__ - INFO - Token value: 1234
2023-07-31 00:41:40,950 - __main__ - INFO - Weather in Berlin: 15.06
2023-08-07 00:39:33,017 - __main__ - INFO - Token value: 1234
2023-08-07 00:39:33,591 - __main__ - INFO - Weather in Berlin: 14.24
2023-08-14 00:32:09,980 - __main__ - INFO - Token value: 1234
2023-08-14 00:32:10,569 - __main__ - INFO - Weather in Berlin: 19.18
2023-08-21 00:31:40,538 - __main__ - INFO - Token value: 1234
2023-08-21 00:31:41,217 - __main__ - INFO - Weather in Berlin: 20.29
2023-08-28 00:32:45,300 - __main__ - INFO - Token value: 1234
2023-08-28 00:32:45,759 - __main__ - INFO - Weather in Berlin: 15.49
2023-09-04 00:32:51,578 - __main__ - INFO - Token value: 1234
2023-09-04 00:32:51,721 - __main__ - INFO - Weather in Berlin: 13.88
2023-09-11 00:33:02,029 - __main__ - INFO - Token value: 1234
2023-09-11 00:33:02,311 - __main__ - INFO - Weather in Berlin: 19.79
2023-09-18 00:33:08,034 - __main__ - INFO - Token value: 1234
2023-09-18 00:33:08,622 - __main__ - INFO - Weather in Berlin: 18.77
2023-09-25 00:33:31,589 - __main__ - INFO - Token value: 1234
2023-09-25 00:33:32,204 - __main__ - INFO - Weather in Berlin: 11.97
2023-10-02 00:33:45,247 - __main__ - INFO - Token value: 1234
2023-10-02 00:33:45,432 - __main__ - INFO - Weather in Berlin: 16.15
2023-10-09 00:33:46,073 - __main__ - INFO - Token value: 1234
2023-10-09 00:33:46,678 - __main__ - INFO - Weather in Berlin: 10.35
2023-10-16 00:34:12,581 - __main__ - INFO - Token value: 1234
2023-10-16 00:34:13,068 - __main__ - INFO - Weather in Berlin: 6.05
2023-10-23 00:33:38,346 - __main__ - INFO - Token value: 1234
2023-10-23 00:33:38,481 - __main__ - INFO - Weather in Berlin: 11.05
2023-10-30 00:34:04,551 - __main__ - INFO - Token value: 1234
2023-10-30 00:34:05,043 - __main__ - INFO - Weather in Berlin: 12.19
2023-11-06 00:34:49,810 - __main__ - INFO - Token value: 1234
2023-11-06 00:34:50,132 - __main__ - INFO - Weather in Berlin: 10.48
2023-11-13 00:35:20,583 - __main__ - INFO - Token value: 1234
2023-11-13 00:35:21,202 - __main__ - INFO - Weather in Berlin: 6.07
2023-11-20 00:36:06,535 - __main__ - INFO - Token value: 1234
2023-11-20 00:36:06,644 - __main__ - INFO - Weather in Berlin: 9.7
2023-11-27 00:35:44,273 - __main__ - INFO - Token value: 1234
2023-11-27 00:35:44,752 - __main__ - INFO - Weather in Berlin: -0.91
2023-12-04 00:36:12,963 - __main__ - INFO - Token value: 1234
2023-12-04 00:36:13,413 - __main__ - INFO - Weather in Berlin: -5.01
2023-12-11 00:36:36,877 - __main__ - INFO - Token value: 1234
2023-12-11 00:36:37,345 - __main__ - INFO - Weather in Berlin: 6.43
2023-12-18 00:36:39,535 - __main__ - INFO - Token value: 1234
2023-12-18 00:36:40,637 - __main__ - INFO - Weather in Berlin: 5.87
2023-12-25 00:35:57,463 - __main__ - INFO - Token value: 1234
2023-12-25 00:35:57,814 - __main__ - INFO - Weather in Berlin: 9.67
2024-01-01 00:39:23,702 - __main__ - INFO - Token value: 1234
2024-01-01 00:39:24,163 - __main__ - INFO - Weather in Berlin: 6.02
2024-01-08 00:36:53,575 - __main__ - INFO - Token value: 1234
2024-01-08 00:36:54,117 - __main__ - INFO - Weather in Berlin: -6.67
2024-01-15 00:37:53,460 - __main__ - INFO - Token value: 1234
2024-01-15 00:37:54,171 - __main__ - INFO - Weather in Berlin: 2.04
2024-01-22 00:38:04,182 - __main__ - INFO - Token value: 1234
2024-01-22 00:38:04,935 - __main__ - INFO - Weather in Berlin: 2.86
2024-01-29 00:34:00,850 - __main__ - INFO - Token value: 1234
2024-01-29 00:34:01,071 - __main__ - INFO - Weather in Berlin: 1.69
2024-02-05 00:35:06,109 - __main__ - INFO - Token value: 1234
2024-02-12 00:34:33,688 - __main__ - INFO - Token value: 1234
2024-02-19 00:34:58,887 - __main__ - INFO - Token value: 1234
2024-02-26 00:35:09,233 - __main__ - INFO - Token value: 1234
2024-03-04 00:34:25,560 - __main__ - INFO - Token value: 1234
2024-03-11 00:35:08,395 - __main__ - INFO - Token value: 1234
2024-03-18 00:35:06,524 - __main__ - INFO - Token value: 1234
2024-03-25 00:35:30,409 - __main__ - INFO - Token value: 1234
2024-04-01 00:38:07,362 - __main__ - INFO - Token value: 1234
2024-04-08 00:35:54,186 - __main__ - INFO - Token value: 1234
2024-04-15 03:04:08,840 - __main__ - INFO - Token value: 1234
2024-04-22 00:36:28,016 - __main__ - INFO - Token value: 1234
2024-04-29 00:36:00,211 - __main__ - INFO - Token value: 1234
2024-05-06 00:36:33,374 - __main__ - INFO - Token value: 1234
2024-05-13 00:37:20,778 - __main__ - INFO - Token value: 1234
2024-05-20 00:37:12,884 - __main__ - INFO - Token value: 1234
2024-05-27 00:37:48,048 - __main__ - INFO - Token value: 1234
2024-06-03 00:38:07,159 - __main__ - INFO - Token value: 1234
2024-06-10 00:39:11,953 - __main__ - INFO - Token value: 1234
2024-06-17 00:39:35,708 - __main__ - INFO - Token value: 1234
2024-06-24 00:39:42,774 - __main__ - INFO - Token value: 1234
2024-07-01 00:43:42,399 - __main__ - INFO - Token value: 1234
2024-07-08 00:40:10,931 - __main__ - INFO - Token value: 1234
2024-07-15 00:40:40,166 - __main__ - INFO - Token value: 1234
2024-07-22 00:41:01,877 - __main__ - INFO - Token value: 1234
2024-07-29 00:41:08,640 - __main__ - INFO - Token value: 1234
2024-08-05 00:41:30,205 - __main__ - INFO - Token value: 1234
2024-08-12 00:41:53,777 - __main__ - INFO - Token value: 1234
2024-08-19 00:41:08,919 - __main__ - INFO - Token value: 1234
2024-08-26 00:41:09,438 - __main__ - INFO - Token value: 1234
2024-09-02 00:43:32,364 - __main__ - INFO - Token value: 1234
2024-09-09 00:44:33,435 - __main__ - INFO - Token value: 1234
2024-09-16 00:46:12,591 - __main__ - INFO - Token value: 1234
2024-09-23 00:45:45,251 - __main__ - INFO - Token value: 1234
2024-09-30 00:47:22,120 - __main__ - INFO - Token value: 1234
2024-10-07 00:47:15,042 - __main__ - INFO - Token value: 1234
2024-10-14 00:47:27,568 - __main__ - INFO - Token value: 1234
2024-10-21 00:47:53,211 - __main__ - INFO - Token value: 1234
2024-10-28 00:49:00,731 - __main__ - INFO - Token value: 1234
2024-11-04 00:47:55,869 - __main__ - INFO - Token value: 1234
2024-11-11 00:46:21,824 - __main__ - INFO - Token value: 1234
2024-11-18 00:50:57,659 - __main__ - INFO - Token value: 1234
2024-11-25 00:50:45,093 - __main__ - INFO - Token value: 1234
2024-12-02 00:52:29,507 - __main__ - INFO - Token value: 1234
2024-12-09 00:53:58,604 - __main__ - INFO - Token value: 1234
2024-12-16 00:53:20,485 - __main__ - INFO - Token value: 1234
2024-12-23 00:48:01,229 - __main__ - INFO - Token value: 1234
2024-12-30 00:48:22,277 - __main__ - INFO - Token value: 1234
2025-01-06 00:49:22,409 - __main__ - INFO - Token value: 1234
2025-01-13 00:50:32,843 - __main__ - INFO - Token value: 1234
2025-01-20 00:46:04,526 - __main__ - INFO - Token value: 1234
2025-01-27 00:46:27,749 - __main__ - INFO - Token value: 1234
2025-02-03 00:46:31,926 - __main__ - INFO - Token value: 1234
2025-02-10 00:47:24,980 - __main__ - INFO - Token value: 1234
2025-02-17 00:49:24,294 - __main__ - INFO - Token value: 1234
2025-02-24 00:49:09,856 - __main__ - INFO - Token value: 1234
2025-03-03 00:50:25,449 - __main__ - INFO - Token value: 1234
2025-03-10 00:40:43,273 - __main__ - INFO - Token value: 1234
2025-03-10 14:11:42,816 - __main__ - INFO - Token value: HELLO!
2025-03-10 14:32:59,790 - __main__ - INFO - Token value: HELLO!
2025-03-10 14:45:18,104 - __main__ - INFO - Token value: HELLO!
2025-03-10 14:53:24,446 - __main__ - INFO - Token value: HELLO!
2025-03-10 15:10:25,283 - __main__ - INFO - Token value: HELLO!
2025-03-10 15:29:32,525 - __main__ - INFO - Token value: HELLO!
2025-03-10 15:40:09,214 - __main__ - INFO - Token value: HELLO!
2025-03-10 15:47:56,348 - __main__ - INFO - Token value: HELLO!
2025-03-10 15:56:00,263 - __main__ - INFO - Token value: HELLO!
2025-03-10 16:16:09,943 - __main__ - INFO - Token value: HELLO!
2025-03-10 16:38:00,594 - __main__ - INFO - Token value: HELLO!
2025-03-10 16:51:28,256 - __main__ - INFO - Token value: HELLO!
2025-03-10 16:59:13,675 - __main__ - INFO - Token value: HELLO!
2025-03-10 17:19:14,343 - __main__ - INFO - Token value: HELLO!
2025-03-10 17:33:41,406 - __main__ - INFO - Token value: HELLO!
2025-03-10 17:42:42,722 - __main__ - INFO - Token value: HELLO!
2025-03-10 17:50:49,829 - __main__ - INFO - Token value: HELLO!
2025-03-10 17:58:34,080 - __main__ - INFO - Token value: HELLO!
2025-03-10 18:25:52,030 - __main__ - INFO - Token value: HELLO!
2025-03-10 18:43:16,057 - __main__ - INFO - Token value: HELLO!
2025-03-10 18:51:24,444 - __main__ - INFO - Token value: HELLO!
2025-03-10 18:59:10,973 - __main__ - INFO - Token value: HELLO!
2025-03-10 19:17:36,810 - __main__ - INFO - Token value: HELLO!
2025-03-10 19:28:06,288 - __main__ - INFO - Token value: HELLO!
2025-03-10 19:36:51,413 - __main__ - INFO - Token value: HELLO!
2025-03-10 19:44:53,522 - __main__ - INFO - Token value: HELLO!
2025-03-10 19:52:54,753 - __main__ - INFO - Token value: HELLO!
2025-03-10 20:08:59,646 - __main__ - INFO - Token value: HELLO!
2025-03-10 20:29:23,771 - __main__ - INFO - Token value: HELLO!
2025-03-10 20:41:09,554 - __main__ - INFO - Token value: HELLO!
2025-03-10 20:49:07,311 - __main__ - INFO - Token value: HELLO!
2025-03-10 20:57:10,110 - __main__ - INFO - Token value: HELLO!
2025-03-10 21:15:15,364 - __main__ - INFO - Token value: HELLO!
2025-03-10 21:28:53,301 - __main__ - INFO - Token value: HELLO!
2025-03-10 21:38:01,418 - __main__ - INFO - Token value: HELLO!
2025-03-10 21:46:00,820 - __main__ - INFO - Token value: HELLO!
2025-03-10 21:53:59,940 - __main__ - INFO - Token value: HELLO!
2025-03-10 22:09:29,582 - __main__ - INFO - Token value: HELLO!
2025-03-10 22:30:02,328 - __main__ - INFO - Token value: HELLO!
2025-03-10 22:41:34,179 - __main__ - INFO - Token value: HELLO!
2025-03-10 22:49:33,653 - __main__ - INFO - Token value: HELLO!
2025-03-10 22:57:18,850 - __main__ - INFO - Token value: HELLO!
2025-03-10 23:16:04,097 - __main__ - INFO - Token value: HELLO!
2025-03-10 23:29:16,782 - __main__ - INFO - Token value: HELLO!
2025-03-10 23:38:28,679 - __main__ - INFO - Token value: HELLO!
2025-03-10 23:46:30,187 - __main__ - INFO - Token value: HELLO!
2025-03-10 23:54:23,575 - __main__ - INFO - Token value: HELLO!
2025-03-11 00:53:11,899 - __main__ - INFO - Token value: HELLO!
2025-03-11 02:15:46,335 - __main__ - INFO - Token value: HELLO!
2025-03-11 03:03:59,331 - __main__ - INFO - Token value: HELLO!
2025-03-11 03:34:40,985 - __main__ - INFO - Token value: HELLO!
2025-03-11 03:49:05,455 - __main__ - INFO - Token value: HELLO!
2025-03-11 03:57:04,702 - __main__ - INFO - Token value: HELLO!
2025-03-11 04:20:26,851 - __main__ - INFO - Token value: HELLO!
2025-03-11 04:38:42,987 - __main__ - INFO - Token value: HELLO!
2025-03-11 04:48:53,239 - __main__ - INFO - Token value: HELLO!
2025-03-11 04:57:01,177 - __main__ - INFO - Token value: HELLO!
2025-03-11 05:15:56,274 - __main__ - INFO - Token value: HELLO!
2025-03-11 05:32:26,435 - __main__ - INFO - Token value: HELLO!
2025-03-11 05:42:29,357 - __main__ - INFO - Token value: HELLO!
2025-03-11 05:50:22,460 - __main__ - INFO - Token value: HELLO!
2025-03-11 05:58:33,892 - __main__ - INFO - Token value: HELLO!
2025-03-11 06:27:55,013 - __main__ - INFO - Token value: HELLO!
2025-03-11 06:46:11,718 - __main__ - INFO - Token value: HELLO!
2025-03-11 06:53:54,897 - __main__ - INFO - Token value: HELLO!
2025-03-11 07:10:10,423 - __main__ - INFO - Token value: HELLO!
2025-03-11 07:26:05,464 - __main__ - INFO - Token value: HELLO!
2025-03-11 07:35:27,223 - __main__ - INFO - Token value: HELLO!
2025-03-11 07:43:27,006 - __main__ - INFO - Token value: HELLO!
2025-03-11 07:51:26,457 - __main__ - INFO - Token value: HELLO!
2025-03-11 07:59:28,150 - __main__ - INFO - Token value: HELLO!
2025-03-11 08:27:59,369 - __main__ - INFO - Token value: HELLO!
2025-03-11 08:44:21,252 - __main__ - INFO - Token value: HELLO!
2025-03-11 09:12:04,865 - __main__ - INFO - Token value: HELLO!
2025-03-11 10:12:24,317 - __main__ - INFO - Token value: HELLO!
2025-03-11 11:09:33,242 - __main__ - INFO - Token value: HELLO!
2025-03-11 12:21:00,779 - __main__ - INFO - Token value: HELLO!
2025-03-11 13:20:40,346 - __main__ - INFO - Token value: HELLO!
2025-03-11 14:11:24,005 - __main__ - INFO - Token value: HELLO!
2025-03-11 15:12:03,375 - __main__ - INFO - Token value: HELLO!
2025-03-11 16:13:49,880 - __main__ - INFO - Token value: HELLO!
2025-03-11 17:09:56,765 - __main__ - INFO - Token value: HELLO!
2025-03-11 18:15:01,223 - __main__ - INFO - Token value: HELLO!
2025-03-11 19:08:45,466 - __main__ - INFO - Token value: HELLO!
2025-03-11 20:12:13,209 - __main__ - INFO - Token value: HELLO!
2025-03-11 21:08:19,422 - __main__ - INFO - Token value: HELLO!
2025-03-11 22:09:54,335 - __main__ - INFO - Token value: HELLO!
2025-03-11 23:10:07,670 - __main__ - INFO - Token value: HELLO!
2025-03-12 00:51:31,406 - __main__ - INFO - Token value: HELLO!
2025-03-12 02:16:27,435 - __main__ - INFO - Token value: HELLO!
2025-03-12 03:20:43,317 - __main__ - INFO - Token value: HELLO!
2025-03-12 04:13:19,955 - __main__ - INFO - Token value: HELLO!
2025-03-12 05:11:08,700 - __main__ - INFO - Token value: HELLO!
2025-03-12 06:15:33,454 - __main__ - INFO - Token value: HELLO!
2025-03-12 06:15:33,656 - __main__ - INFO - Weather in Berlin: 4.11
2025-03-12 07:11:00,281 - __main__ - INFO - Token value: HELLO!
2025-03-12 07:11:00,586 - __main__ - INFO - Weather in Berlin: 4.11
2025-03-12 08:14:56,091 - __main__ - INFO - Token value: HELLO!
2025-03-12 08:14:56,357 - __main__ - INFO - Weather in Berlin: 4.19
2025-03-12 09:11:48,362 - __main__ - INFO - Token value: HELLO!
2025-03-12 09:11:48,813 - __main__ - INFO - Weather in Berlin: 5.27
2025-03-12 10:11:57,693 - __main__ - INFO - Token value: HELLO!
2025-03-12 10:11:58,993 - __main__ - INFO - Weather in Berlin: 6.19
2025-03-12 11:09:25,408 - __main__ - INFO - Token value: HELLO!
2025-03-12 11:09:25,999 - __main__ - INFO - Weather in Berlin: 6.19
2025-03-12 12:20:17,667 - __main__ - INFO - Token value: HELLO!
2025-03-12 12:20:18,087 - __main__ - INFO - Weather in Berlin: 7.18
2025-03-12 13:20:25,567 - __main__ - INFO - Token value: HELLO!
2025-03-12 13:20:25,956 - __main__ - INFO - Weather in Berlin: 7.23
2025-03-12 14:11:03,304 - __main__ - INFO - Token value: HELLO!
2025-03-12 14:11:03,510 - __main__ - INFO - Weather in Berlin: 7.23
2025-03-12 15:11:51,695 - __main__ - INFO - Token value: HELLO!
2025-03-12 15:11:52,119 - __main__ - INFO - Weather in Berlin: 7.17
2025-03-12 16:13:46,882 - __main__ - INFO - Token value: HELLO!
2025-03-12 16:13:47,615 - __main__ - INFO - Weather in Berlin: 7.24
2025-03-12 17:09:56,305 - __main__ - INFO - Token value: HELLO!
2025-03-12 17:09:56,735 - __main__ - INFO - Weather in Berlin: 7.24
2025-03-12 18:15:08,212 - __main__ - INFO - Token value: HELLO!
2025-03-12 18:15:08,557 - __main__ - INFO - Weather in Berlin: 6.45
2025-03-12 19:08:41,949 - __main__ - INFO - Token value: HELLO!
2025-03-12 19:08:43,133 - __main__ - INFO - Weather in Berlin: 6.45
2025-03-12 20:12:22,993 - __main__ - INFO - Token value: HELLO!
2025-03-12 20:12:23,254 - __main__ - INFO - Weather in Berlin: 4.58
2025-03-12 21:09:56,277 - __main__ - INFO - Token value: HELLO!
2025-03-12 21:09:56,474 - __main__ - INFO - Weather in Berlin: 4.58
2025-03-12 22:10:16,321 - __main__ - INFO - Token value: HELLO!
2025-03-12 22:10:16,812 - __main__ - INFO - Weather in Berlin: 3.7
2025-03-12 23:10:20,448 - __main__ - INFO - Token value: HELLO!
2025-03-12 23:10:20,857 - __main__ - INFO - Weather in Berlin: 3.27
2025-03-13 00:52:15,962 - __main__ - INFO - Token value: HELLO!
2025-03-13 00:52:16,528 - __main__ - INFO - Weather in Berlin: 2.6
2025-03-13 02:18:53,273 - __main__ - INFO - Token value: HELLO!
2025-03-13 02:18:53,908 - __main__ - INFO - Weather in Berlin: 2.3
2025-03-13 03:22:19,891 - __main__ - INFO - Token value: HELLO!
2025-03-13 03:22:20,585 - __main__ - INFO - Weather in Berlin: 2.22
2025-03-13 04:13:26,581 - __main__ - INFO - Token value: HELLO!
2025-03-13 04:13:27,171 - __main__ - INFO - Weather in Berlin: 2.22
2025-03-13 05:11:35,887 - __main__ - INFO - Token value: HELLO!
2025-03-13 05:11:37,473 - __main__ - INFO - Weather in Berlin: 2.87
2025-03-13 06:15:16,834 - __main__ - INFO - Token value: HELLO!
2025-03-13 06:15:17,136 - __main__ - INFO - Weather in Berlin: 3.06
2025-03-13 07:10:50,418 - __main__ - INFO - Token value: HELLO!
2025-03-13 07:10:50,657 - __main__ - INFO - Weather in Berlin: 3.06
2025-03-13 08:15:23,600 - __main__ - INFO - Token value: HELLO!
2025-03-13 08:15:24,202 - __main__ - INFO - Weather in Berlin: 3.43
2025-03-13 09:11:46,973 - __main__ - INFO - Token value: HELLO!
2025-03-13 09:11:47,409 - __main__ - INFO - Weather in Berlin: 3.65
2025-03-13 10:12:01,033 - __main__ - INFO - Token value: HELLO!
2025-03-13 10:12:01,447 - __main__ - INFO - Weather in Berlin: 3.89
2025-03-13 11:09:56,164 - __main__ - INFO - Token value: HELLO!
2025-03-13 11:09:56,892 - __main__ - INFO - Weather in Berlin: 3.89
2025-03-13 12:20:54,453 - __main__ - INFO - Token value: HELLO!
2025-03-13 12:20:54,624 - __main__ - INFO - Weather in Berlin: 6.37
2025-03-13 13:20:41,326 - __main__ - INFO - Token value: HELLO!
2025-03-13 13:20:41,614 - __main__ - INFO - Weather in Berlin: 6.37
2025-03-13 14:10:44,322 - __main__ - INFO - Token value: HELLO!
2025-03-13 14:10:45,079 - __main__ - INFO - Weather in Berlin: 6.67
2025-03-13 15:12:20,585 - __main__ - INFO - Token value: HELLO!
2025-03-13 15:12:20,917 - __main__ - INFO - Weather in Berlin: 6.86
2025-03-13 16:13:40,660 - __main__ - INFO - Token value: HELLO!
2025-03-13 16:13:40,984 - __main__ - INFO - Weather in Berlin: 6.41
2025-03-13 17:08:34,023 - __main__ - INFO - Token value: HELLO!
2025-03-13 17:08:34,736 - __main__ - INFO - Weather in Berlin: 6.41
2025-03-13 18:14:46,781 - __main__ - INFO - Token value: HELLO!
2025-03-13 18:14:47,566 - __main__ - INFO - Weather in Berlin: 5.02
2025-03-13 19:08:44,351 - __main__ - INFO - Token value: HELLO!
2025-03-13 19:08:44,764 - __main__ - INFO - Weather in Berlin: 5.02
2025-03-13 20:12:14,404 - __main__ - INFO - Token value: HELLO!
2025-03-13 20:12:15,088 - __main__ - INFO - Weather in Berlin: 4.11
2025-03-13 21:10:04,706 - __main__ - INFO - Token value: HELLO!
2025-03-13 21:10:04,816 - __main__ - INFO - Weather in Berlin: 4.11
2025-03-13 22:09:38,789 - __main__ - INFO - Token value: HELLO!
2025-03-13 22:09:39,155 - __main__ - INFO - Weather in Berlin: 2.2
2025-03-13 23:10:19,137 - __main__ - INFO - Token value: HELLO!
2025-03-13 23:10:19,820 - __main__ - INFO - Weather in Berlin: 1.23
2025-03-14 00:51:43,606 - __main__ - INFO - Token value: HELLO!
2025-03-14 00:51:44,155 - __main__ - INFO - Weather in Berlin: 0.39
2025-03-14 02:16:43,266 - __main__ - INFO - Token value: HELLO!
2025-03-14 02:16:43,691 - __main__ - INFO - Weather in Berlin: 0.02
2025-03-14 03:21:37,399 - __main__ - INFO - Token value: HELLO!
2025-03-14 03:21:37,743 - __main__ - INFO - Weather in Berlin: -0.63
2025-03-14 04:13:07,313 - __main__ - INFO - Token value: HELLO!
2025-03-14 04:13:07,435 - __main__ - INFO - Weather in Berlin: -0.63
2025-03-14 05:10:44,526 - __main__ - INFO - Token value: HELLO!
2025-03-14 05:10:45,286 - __main__ - INFO - Weather in Berlin: -0.19
2025-03-14 06:15:20,088 - __main__ - INFO - Token value: HELLO!
2025-03-14 06:15:20,919 - __main__ - INFO - Weather in Berlin: 0.4
2025-03-14 07:10:48,761 - __main__ - INFO - Token value: HELLO!
2025-03-14 07:10:49,513 - __main__ - INFO - Weather in Berlin: 0.4
2025-03-14 08:14:14,958 - __main__ - INFO - Token value: HELLO!
2025-03-14 08:14:15,869 - __main__ - INFO - Weather in Berlin: 1.7
2025-03-14 09:11:42,933 - __main__ - INFO - Token value: HELLO!
2025-03-14 09:11:43,072 - __main__ - INFO - Weather in Berlin: 3.41
2025-03-14 10:11:48,444 - __main__ - INFO - Token value: HELLO!
2025-03-14 10:11:49,095 - __main__ - INFO - Weather in Berlin: 5.39
2025-03-14 11:09:05,016 - __main__ - INFO - Token value: HELLO!
2025-03-14 11:09:05,244 - __main__ - INFO - Weather in Berlin: 5.39
2025-03-14 12:19:41,930 - __main__ - INFO - Token value: HELLO!
2025-03-14 12:19:42,275 - __main__ - INFO - Weather in Berlin: 7.73
2025-03-14 13:18:36,967 - __main__ - INFO - Token value: HELLO!
2025-03-14 13:18:37,083 - __main__ - INFO - Weather in Berlin: 7.73
2025-03-14 14:10:06,274 - __main__ - INFO - Token value: HELLO!
2025-03-14 14:10:06,621 - __main__ - INFO - Weather in Berlin: 8.24
2025-03-14 15:10:56,438 - __main__ - INFO - Token value: HELLO!
2025-03-14 15:10:56,899 - __main__ - INFO - Weather in Berlin: 8.23
2025-03-14 16:12:53,141 - __main__ - INFO - Token value: HELLO!
2025-03-14 16:12:53,476 - __main__ - INFO - Weather in Berlin: 8.28
2025-03-14 17:08:52,391 - __main__ - INFO - Token value: HELLO!
2025-03-14 17:08:52,634 - __main__ - INFO - Weather in Berlin: 8.28
2025-03-14 18:14:18,137 - __main__ - INFO - Token value: HELLO!
2025-03-14 18:14:18,492 - __main__ - INFO - Weather in Berlin: 6.32
2025-03-14 19:08:17,892 - __main__ - INFO - Token value: HELLO!
2025-03-14 19:08:18,153 - __main__ - INFO - Weather in Berlin: 6.32
2025-03-14 20:11:25,140 - __main__ - INFO - Token value: HELLO!
2025-03-14 20:11:25,680 - __main__ - INFO - Weather in Berlin: 5.4
2025-03-14 21:10:32,571 - __main__ - INFO - Token value: HELLO!
2025-03-14 21:10:33,472 - __main__ - INFO - Weather in Berlin: 5.4
2025-03-14 22:09:41,387 - __main__ - INFO - Token value: HELLO!
2025-03-14 22:09:41,598 - __main__ - INFO - Weather in Berlin: 4.86
2025-03-14 23:10:39,567 - __main__ - INFO - Token value: HELLO!
2025-03-14 23:10:40,808 - __main__ - INFO - Weather in Berlin: 4.59
2025-03-15 00:50:59,605 - __main__ - INFO - Token value: HELLO!
2025-03-15 00:51:00,000 - __main__ - INFO - Weather in Berlin: 3.36
2025-03-15 02:15:07,763 - __main__ - INFO - Token value: HELLO!
2025-03-15 02:15:08,068 - __main__ - INFO - Weather in Berlin: 2.21
2025-03-15 03:18:43,240 - __main__ - INFO - Token value: HELLO!
2025-03-15 03:18:44,511 - __main__ - INFO - Weather in Berlin: 1.64
2025-03-15 04:12:51,811 - __main__ - INFO - Token value: HELLO!
2025-03-15 04:12:52,960 - __main__ - INFO - Weather in Berlin: 1.64
2025-03-15 05:10:07,516 - __main__ - INFO - Token value: HELLO!
2025-03-15 05:10:07,691 - __main__ - INFO - Weather in Berlin: 1.36
2025-03-15 06:13:55,425 - __main__ - INFO - Token value: HELLO!
2025-03-15 06:13:55,605 - __main__ - INFO - Weather in Berlin: 1.3
2025-03-15 07:09:46,701 - __main__ - INFO - Token value: HELLO!
2025-03-15 07:09:47,378 - __main__ - INFO - Weather in Berlin: 1.3
2025-03-15 08:12:59,476 - __main__ - INFO - Token value: HELLO!
2025-03-15 08:12:59,894 - __main__ - INFO - Weather in Berlin: 2.66
2025-03-15 09:09:52,620 - __main__ - INFO - Token value: HELLO!
2025-03-15 09:09:52,700 - __main__ - INFO - Weather in Berlin: 2.66
2025-03-15 10:10:29,617 - __main__ - INFO - Token value: HELLO!
2025-03-15 10:10:30,379 - __main__ - INFO - Weather in Berlin: 5.86
2025-03-15 11:07:58,033 - __main__ - INFO - Token value: HELLO!
2025-03-15 11:07:58,406 - __main__ - INFO - Weather in Berlin: 5.86
2025-03-15 12:18:01,736 - __main__ - INFO - Token value: HELLO!
2025-03-15 12:18:02,466 - __main__ - INFO - Weather in Berlin: 6.91
2025-03-15 13:14:59,155 - __main__ - INFO - Token value: HELLO!
2025-03-15 13:15:00,226 - __main__ - INFO - Weather in Berlin: 6.91
2025-03-15 14:09:41,093 - __main__ - INFO - Token value: HELLO!
2025-03-15 14:09:41,677 - __main__ - INFO - Weather in Berlin: 8.4
2025-03-15 15:09:19,733 - __main__ - INFO - Token value: HELLO!
2025-03-15 15:09:19,841 - __main__ - INFO - Weather in Berlin: 8.4
2025-03-15 16:11:21,021 - __main__ - INFO - Token value: HELLO!
2025-03-15 16:11:21,193 - __main__ - INFO - Weather in Berlin: 8.36
2025-03-15 17:07:59,264 - __main__ - INFO - Token value: HELLO!
2025-03-15 17:07:59,654 - __main__ - INFO - Weather in Berlin: 8.36
2025-03-15 18:13:07,569 - __main__ - INFO - Token value: HELLO!
2025-03-15 18:13:08,253 - __main__ - INFO - Weather in Berlin: 6.41
2025-03-15 19:07:25,619 - __main__ - INFO - Token value: HELLO!
2025-03-15 19:07:26,009 - __main__ - INFO - Weather in Berlin: 6.41
2025-03-15 20:10:35,256 - __main__ - INFO - Token value: HELLO!
2025-03-15 20:10:35,561 - __main__ - INFO - Weather in Berlin: 4.14
2025-03-15 21:09:39,696 - __main__ - INFO - Token value: HELLO!
2025-03-15 21:09:40,035 - __main__ - INFO - Weather in Berlin: 4.14
2025-03-15 22:08:55,230 - __main__ - INFO - Token value: HELLO!
2025-03-15 22:08:56,166 - __main__ - INFO - Weather in Berlin: 2.59
2025-03-15 23:09:28,111 - __main__ - INFO - Token value: HELLO!
2025-03-15 23:09:28,914 - __main__ - INFO - Weather in Berlin: 2.08
2025-03-16 00:56:04,056 - __main__ - INFO - Token value: HELLO!
2025-03-16 00:56:04,407 - __main__ - INFO - Weather in Berlin: 1.37
2025-03-16 02:23:00,676 - __main__ - INFO - Token value: HELLO!
2025-03-16 02:23:01,300 - __main__ - INFO - Weather in Berlin: 1.09
2025-03-16 03:25:18,501 - __main__ - INFO - Token value: HELLO!
2025-03-16 03:25:19,432 - __main__ - INFO - Weather in Berlin: 1.01
2025-03-16 04:12:31,467 - __main__ - INFO - Token value: HELLO!
2025-03-16 04:12:32,103 - __main__ - INFO - Weather in Berlin: 1.01
2025-03-16 05:09:54,220 - __main__ - INFO - Token value: HELLO!
2025-03-16 05:09:54,342 - __main__ - INFO - Weather in Berlin: -0.12
2025-03-16 06:13:36,093 - __main__ - INFO - Token value: HELLO!
2025-03-16 06:13:36,505 - __main__ - INFO - Weather in Berlin: -0.16
2025-03-16 07:09:49,320 - __main__ - INFO - Token value: HELLO!
2025-03-16 07:09:49,475 - __main__ - INFO - Weather in Berlin: -0.16
2025-03-16 08:12:58,689 - __main__ - INFO - Token value: HELLO!
2025-03-16 08:12:59,722 - __main__ - INFO - Weather in Berlin: 1.24
2025-03-16 09:09:44,772 - __main__ - INFO - Token value: HELLO!
2025-03-16 09:09:44,842 - __main__ - INFO - Weather in Berlin: 1.24
2025-03-16 10:10:20,078 - __main__ - INFO - Token value: HELLO!
2025-03-16 10:10:20,840 - __main__ - INFO - Weather in Berlin: 6.17
2025-03-16 11:09:31,354 - __main__ - INFO - Token value: HELLO!
2025-03-16 11:09:31,460 - __main__ - INFO - Weather in Berlin: 6.17
2025-03-16 12:17:52,558 - __main__ - INFO - Token value: HELLO!
2025-03-16 12:17:52,909 - __main__ - INFO - Weather in Berlin: 7.95
2025-03-16 13:16:06,115 - __main__ - INFO - Token value: HELLO!
2025-03-16 13:16:06,774 - __main__ - INFO - Weather in Berlin: 7.95
2025-03-16 14:08:38,357 - __main__ - INFO - Token value: HELLO!
2025-03-16 14:08:38,930 - __main__ - INFO - Weather in Berlin: 8.58
2025-03-16 15:09:37,646 - __main__ - INFO - Token value: HELLO!
2025-03-16 15:09:38,185 - __main__ - INFO - Weather in Berlin: 8.74
2025-03-16 16:11:19,973 - __main__ - INFO - Token value: HELLO!
2025-03-16 16:11:20,809 - __main__ - INFO - Weather in Berlin: 8.6
2025-03-16 17:08:23,748 - __main__ - INFO - Token value: HELLO!
2025-03-16 17:08:23,826 - __main__ - INFO - Weather in Berlin: 8.6
2025-03-16 18:13:51,501 - __main__ - INFO - Token value: HELLO!
2025-03-16 18:13:52,266 - __main__ - INFO - Weather in Berlin: 7.91
2025-03-16 19:07:37,819 - __main__ - INFO - Token value: HELLO!
2025-03-16 19:07:37,893 - __main__ - INFO - Weather in Berlin: 7.91
2025-03-16 20:10:38,407 - __main__ - INFO - Token value: HELLO!
2025-03-16 20:10:39,137 - __main__ - INFO - Weather in Berlin: 7.15
2025-03-16 21:08:51,154 - __main__ - INFO - Token value: HELLO!
2025-03-16 21:08:51,624 - __main__ - INFO - Weather in Berlin: 7.15
2025-03-16 22:09:32,925 - __main__ - INFO - Token value: HELLO!
2025-03-16 22:09:33,480 - __main__ - INFO - Weather in Berlin: 6.4
2025-03-16 23:09:38,873 - __main__ - INFO - Token value: HELLO!
2025-03-16 23:09:39,043 - __main__ - INFO - Weather in Berlin: 6.11
2025-03-17 00:53:57,025 - __main__ - INFO - Token value: HELLO!
2025-03-17 00:53:57,506 - __main__ - INFO - Weather in Berlin: 5.82
2025-03-17 02:21:02,329 - __main__ - INFO - Token value: HELLO!
2025-03-17 02:21:02,606 - __main__ - INFO - Weather in Berlin: 5.76
2025-03-17 03:25:05,585 - __main__ - INFO - Token value: HELLO!
2025-03-17 03:25:05,768 - __main__ - INFO - Weather in Berlin: 5.67
2025-03-17 04:13:27,188 - __main__ - INFO - Token value: HELLO!
2025-03-17 04:13:27,927 - __main__ - INFO - Weather in Berlin: 5.67
2025-03-17 05:11:46,374 - __main__ - INFO - Token value: HELLO!
2025-03-17 05:11:46,546 - __main__ - INFO - Weather in Berlin: 5.33
2025-03-17 06:15:56,255 - __main__ - INFO - Token value: HELLO!
2025-03-17 06:15:56,858 - __main__ - INFO - Weather in Berlin: 5.22
2025-03-17 07:11:43,974 - __main__ - INFO - Token value: HELLO!
2025-03-17 07:11:44,126 - __main__ - INFO - Weather in Berlin: 5.22
2025-03-17 08:15:40,979 - __main__ - INFO - Token value: HELLO!
2025-03-17 08:15:41,728 - __main__ - INFO - Weather in Berlin: 5.3
2025-03-17 09:12:54,196 - __main__ - INFO - Token value: HELLO!
2025-03-17 09:12:54,660 - __main__ - INFO - Weather in Berlin: 5.3
2025-03-17 10:12:11,618 - __main__ - INFO - Token value: HELLO!
2025-03-17 10:12:11,824 - __main__ - INFO - Weather in Berlin: 6.58
2025-03-17 11:09:22,037 - __main__ - INFO - Token value: HELLO!
2025-03-17 11:09:22,150 - __main__ - INFO - Weather in Berlin: 6.58
2025-03-17 12:20:55,022 - __main__ - INFO - Token value: HELLO!
2025-03-17 12:20:55,363 - __main__ - INFO - Weather in Berlin: 7.0
2025-03-17 13:21:13,226 - __main__ - INFO - Token value: HELLO!
2025-03-17 13:21:13,396 - __main__ - INFO - Weather in Berlin: 7.27
2025-03-17 14:11:09,643 - __main__ - INFO - Token value: HELLO!
2025-03-17 14:11:09,786 - __main__ - INFO - Weather in Berlin: 7.27
2025-03-17 15:11:19,250 - __main__ - INFO - Token value: HELLO!
2025-03-17 15:11:20,012 - __main__ - INFO - Weather in Berlin: 8.05
2025-03-17 16:14:09,587 - __main__ - INFO - Token value: HELLO!
2025-03-17 16:14:10,322 - __main__ - INFO - Weather in Berlin: 7.94
2025-03-17 17:10:07,614 - __main__ - INFO - Token value: HELLO!
2025-03-17 17:10:07,846 - __main__ - INFO - Weather in Berlin: 7.94
2025-03-17 18:15:05,882 - __main__ - INFO - Token value: HELLO!
2025-03-17 18:15:07,055 - __main__ - INFO - Weather in Berlin: 6.26
2025-03-17 19:08:43,211 - __main__ - INFO - Token value: HELLO!
2025-03-17 19:08:43,918 - __main__ - INFO - Weather in Berlin: 6.26
2025-03-17 20:12:16,319 - __main__ - INFO - Token value: HELLO!
2025-03-17 20:12:16,972 - __main__ - INFO - Weather in Berlin: 5.7
2025-03-17 21:10:02,558 - __main__ - INFO - Token value: HELLO!
2025-03-17 21:10:02,770 - __main__ - INFO - Weather in Berlin: 5.7
2025-03-17 22:10:40,069 - __main__ - INFO - Token value: HELLO!
2025-03-17 22:10:40,806 - __main__ - INFO - Weather in Berlin: 4.07
2025-03-17 23:10:15,161 - __main__ - INFO - Token value: HELLO!
2025-03-17 23:10:16,073 - __main__ - INFO - Weather in Berlin: 4.07
2025-03-18 00:52:04,447 - __main__ - INFO - Token value: HELLO!
2025-03-18 00:52:04,728 - __main__ - INFO - Weather in Berlin: 2.97
2025-03-18 02:19:53,041 - __main__ - INFO - Token value: HELLO!
2025-03-18 02:19:53,791 - __main__ - INFO - Weather in Berlin: 2.38
2025-03-18 03:24:10,644 - __main__ - INFO - Token value: HELLO!
2025-03-18 03:24:11,219 - __main__ - INFO - Weather in Berlin: 2.45
2025-03-18 04:13:34,548 - __main__ - INFO - Token value: HELLO!
2025-03-18 04:13:34,960 - __main__ - INFO - Weather in Berlin: 2.45
2025-03-18 05:11:34,508 - __main__ - INFO - Token value: HELLO!
2025-03-18 05:11:35,189 - __main__ - INFO - Weather in Berlin: 2.1
2025-03-18 06:15:44,736 - __main__ - INFO - Token value: HELLO!
2025-03-18 06:15:45,308 - __main__ - INFO - Weather in Berlin: 2.18
2025-03-18 07:11:29,188 - __main__ - INFO - Token value: HELLO!
2025-03-18 07:11:29,445 - __main__ - INFO - Weather in Berlin: 2.18
2025-03-18 08:14:47,540 - __main__ - INFO - Token value: HELLO!
2025-03-18 08:14:47,607 - __main__ - INFO - Weather in Berlin: 3.59
2025-03-18 09:12:13,563 - __main__ - INFO - Token value: HELLO!
2025-03-18 09:12:13,679 - __main__ - INFO - Weather in Berlin: 6.84
2025-03-18 10:12:01,596 - __main__ - INFO - Token value: HELLO!
2025-03-18 10:12:02,017 - __main__ - INFO - Weather in Berlin: 6.84
2025-03-18 11:09:19,579 - __main__ - INFO - Token value: HELLO!
2025-03-18 11:09:19,937 - __main__ - INFO - Weather in Berlin: 9.9
2025-03-18 12:20:52,333 - __main__ - INFO - Token value: HELLO!
2025-03-18 12:20:52,703 - __main__ - INFO - Weather in Berlin: 10.41
2025-03-18 13:20:53,524 - __main__ - INFO - Token value: HELLO!
2025-03-18 13:20:53,824 - __main__ - INFO - Weather in Berlin: 10.84
2025-03-18 14:11:00,752 - __main__ - INFO - Token value: HELLO!
2025-03-18 14:11:00,864 - __main__ - INFO - Weather in Berlin: 10.84
2025-03-18 15:12:07,926 - __main__ - INFO - Token value: HELLO!
2025-03-18 15:12:08,687 - __main__ - INFO - Weather in Berlin: 11.0
2025-03-18 16:13:54,239 - __main__ - INFO - Token value: HELLO!
2025-03-18 16:13:54,822 - __main__ - INFO - Weather in Berlin: 9.94
2025-03-18 17:10:12,120 - __main__ - INFO - Token value: HELLO!
2025-03-18 17:10:12,188 - __main__ - INFO - Weather in Berlin: 9.94
2025-03-18 18:15:24,986 - __main__ - INFO - Token value: HELLO!
2025-03-18 18:15:25,170 - __main__ - INFO - Weather in Berlin: 6.87
2025-03-18 19:08:50,611 - __main__ - INFO - Token value: HELLO!
2025-03-18 19:08:50,728 - __main__ - INFO - Weather in Berlin: 6.87
2025-03-18 20:11:21,193 - __main__ - INFO - Token value: HELLO!
2025-03-18 20:11:21,616 - __main__ - INFO - Weather in Berlin: 5.32
2025-03-18 21:09:56,641 - __main__ - INFO - Token value: HELLO!
2025-03-18 21:09:56,753 - __main__ - INFO - Weather in Berlin: 5.32
2025-03-18 22:09:58,287 - __main__ - INFO - Token value: HELLO!
2025-03-18 22:09:58,560 - __main__ - INFO - Weather in Berlin: 4.11
2025-03-18 23:10:24,818 - __main__ - INFO - Token value: HELLO!
2025-03-18 23:10:25,135 - __main__ - INFO - Weather in Berlin: 3.31
2025-03-19 00:52:36,646 - __main__ - INFO - Token value: HELLO!
2025-03-19 00:52:37,582 - __main__ - INFO - Weather in Berlin: 2.74
2025-03-19 02:19:28,597 - __main__ - INFO - Token value: HELLO!
2025-03-19 02:19:29,012 - __main__ - INFO - Weather in Berlin: 2.58
2025-03-19 03:23:46,953 - __main__ - INFO - Token value: HELLO!
2025-03-19 03:23:47,510 - __main__ - INFO - Weather in Berlin: 2.16
2025-03-19 04:13:11,980 - __main__ - INFO - Token value: HELLO!
2025-03-19 04:13:12,595 - __main__ - INFO - Weather in Berlin: 2.16
2025-03-19 05:11:01,838 - __main__ - INFO - Token value: HELLO!
2025-03-19 05:11:02,161 - __main__ - INFO - Weather in Berlin: 2.15
2025-03-19 06:16:04,383 - __main__ - INFO - Token value: HELLO!
2025-03-19 06:16:04,714 - __main__ - INFO - Weather in Berlin: 2.15
2025-03-19 07:10:57,712 - __main__ - INFO - Token value: HELLO!
2025-03-19 07:10:57,980 - __main__ - INFO - Weather in Berlin: 2.15
2025-03-19 08:14:29,172 - __main__ - INFO - Token value: HELLO!
2025-03-19 08:14:29,286 - __main__ - INFO - Weather in Berlin: 4.24
2025-03-19 09:12:22,457 - __main__ - INFO - Token value: HELLO!
2025-03-19 09:12:23,193 - __main__ - INFO - Weather in Berlin: 8.18
2025-03-19 10:12:37,235 - __main__ - INFO - Token value: HELLO!
2025-03-19 10:12:38,423 - __main__ - INFO - Weather in Berlin: 11.28
2025-03-19 11:09:15,177 - __main__ - INFO - Token value: HELLO!
2025-03-19 11:09:15,666 - __main__ - INFO - Weather in Berlin: 11.28
2025-03-19 12:20:28,776 - __main__ - INFO - Token value: HELLO!
2025-03-19 12:20:29,408 - __main__ - INFO - Weather in Berlin: 14.28
2025-03-19 13:20:56,265 - __main__ - INFO - Token value: HELLO!
2025-03-19 13:20:56,573 - __main__ - INFO - Weather in Berlin: 15.98
2025-03-19 14:11:00,565 - __main__ - INFO - Token value: HELLO!
2025-03-19 14:11:01,275 - __main__ - INFO - Weather in Berlin: 15.98
2025-03-19 15:11:48,304 - __main__ - INFO - Token value: HELLO!
2025-03-19 15:11:48,932 - __main__ - INFO - Weather in Berlin: 17.65
2025-03-19 16:13:36,635 - __main__ - INFO - Token value: HELLO!
2025-03-19 16:13:37,184 - __main__ - INFO - Weather in Berlin: 17.08
2025-03-19 17:10:21,592 - __main__ - INFO - Token value: HELLO!
2025-03-19 17:10:22,227 - __main__ - INFO - Weather in Berlin: 16.19
2025-03-19 18:15:27,261 - __main__ - INFO - Token value: HELLO!
2025-03-19 18:15:27,992 - __main__ - INFO - Weather in Berlin: 14.79
2025-03-19 19:08:40,699 - __main__ - INFO - Token value: HELLO!
2025-03-19 19:08:41,223 - __main__ - INFO - Weather in Berlin: 14.79
2025-03-19 20:12:06,922 - __main__ - INFO - Token value: HELLO!
2025-03-19 20:12:07,104 - __main__ - INFO - Weather in Berlin: 12.92
2025-03-19 21:10:03,873 - __main__ - INFO - Token value: HELLO!
2025-03-19 21:10:04,451 - __main__ - INFO - Weather in Berlin: 12.92
2025-03-19 22:10:12,813 - __main__ - INFO - Token value: HELLO!
2025-03-19 22:10:13,480 - __main__ - INFO - Weather in Berlin: 11.32
2025-03-19 23:11:08,044 - __main__ - INFO - Token value: HELLO!
2025-03-19 23:11:08,812 - __main__ - INFO - Weather in Berlin: 10.39
2025-03-20 00:51:50,301 - __main__ - INFO - Token value: HELLO!
2025-03-20 00:51:51,409 - __main__ - INFO - Weather in Berlin: 9.03
2025-03-20 02:18:01,919 - __main__ - INFO - Token value: HELLO!
2025-03-20 02:18:02,549 - __main__ - INFO - Weather in Berlin: 8.12
2025-03-20 03:22:18,458 - __main__ - INFO - Token value: HELLO!
2025-03-20 03:22:19,580 - __main__ - INFO - Weather in Berlin: 7.98
2025-03-20 04:13:27,191 - __main__ - INFO - Token value: HELLO!
2025-03-20 04:13:27,893 - __main__ - INFO - Weather in Berlin: 7.98
2025-03-20 05:11:25,706 - __main__ - INFO - Token value: HELLO!
2025-03-20 05:11:25,943 - __main__ - INFO - Weather in Berlin: 7.98
2025-03-20 06:15:35,040 - __main__ - INFO - Token value: HELLO!
2025-03-20 06:15:35,374 - __main__ - INFO - Weather in Berlin: 8.36
2025-03-20 07:10:50,282 - __main__ - INFO - Token value: HELLO!
2025-03-20 07:10:50,640 - __main__ - INFO - Weather in Berlin: 8.36
2025-03-20 08:14:48,824 - __main__ - INFO - Token value: HELLO!
2025-03-20 08:14:49,483 - __main__ - INFO - Weather in Berlin: 9.07
2025-03-20 09:11:51,188 - __main__ - INFO - Token value: HELLO!
2025-03-20 09:11:52,210 - __main__ - INFO - Weather in Berlin: 13.65
2025-03-20 10:11:59,086 - __main__ - INFO - Token value: HELLO!
2025-03-20 10:11:59,241 - __main__ - INFO - Weather in Berlin: 16.33
2025-03-20 11:09:24,161 - __main__ - INFO - Token value: HELLO!
2025-03-20 11:09:24,338 - __main__ - INFO - Weather in Berlin: 16.33
2025-03-20 12:20:57,598 - __main__ - INFO - Token value: HELLO!
2025-03-20 12:20:58,019 - __main__ - INFO - Weather in Berlin: 17.6
2025-03-20 13:19:28,424 - __main__ - INFO - Token value: HELLO!
2025-03-20 13:19:28,540 - __main__ - INFO - Weather in Berlin: 17.6
2025-03-20 14:11:06,488 - __main__ - INFO - Token value: HELLO!
2025-03-20 14:11:06,782 - __main__ - INFO - Weather in Berlin: 16.23
2025-03-20 15:12:09,615 - __main__ - INFO - Token value: HELLO!
2025-03-20 15:12:09,894 - __main__ - INFO - Weather in Berlin: 16.11
2025-03-20 16:13:52,713 - __main__ - INFO - Token value: HELLO!
2025-03-20 16:13:53,389 - __main__ - INFO - Weather in Berlin: 15.82
2025-03-20 17:09:57,079 - __main__ - INFO - Token value: HELLO!
2025-03-20 17:09:57,405 - __main__ - INFO - Weather in Berlin: 15.82
2025-03-20 18:15:17,175 - __main__ - INFO - Token value: HELLO!
2025-03-20 18:15:17,650 - __main__ - INFO - Weather in Berlin: 13.16
2025-03-20 19:08:46,916 - __main__ - INFO - Token value: HELLO!
2025-03-20 19:08:47,506 - __main__ - INFO - Weather in Berlin: 13.16
2025-03-20 20:12:07,522 - __main__ - INFO - Token value: HELLO!
2025-03-20 20:12:07,821 - __main__ - INFO - Weather in Berlin: 11.35
2025-03-20 21:10:12,018 - __main__ - INFO - Token value: HELLO!
2025-03-20 21:10:12,627 - __main__ - INFO - Weather in Berlin: 11.35
2025-03-20 22:10:06,504 - __main__ - INFO - Token value: HELLO!
2025-03-20 22:10:06,642 - __main__ - INFO - Weather in Berlin: 10.12
2025-03-20 23:10:43,488 - __main__ - INFO - Token value: HELLO!
2025-03-20 23:10:44,044 - __main__ - INFO - Weather in Berlin: 9.51
2025-03-21 00:53:04,096 - __main__ - INFO - Token value: HELLO!
2025-03-21 00:53:05,425 - __main__ - INFO - Weather in Berlin: 8.8
2025-03-21 02:19:42,218 - __main__ - INFO - Token value: HELLO!
2025-03-21 02:19:42,369 - __main__ - INFO - Weather in Berlin: 8.88
2025-03-21 03:24:36,275 - __main__ - INFO - Token value: HELLO!
2025-03-21 03:24:37,162 - __main__ - INFO - Weather in Berlin: 8.94
2025-03-21 04:13:10,926 - __main__ - INFO - Token value: HELLO!
2025-03-21 04:13:11,036 - __main__ - INFO - Weather in Berlin: 8.94
2025-03-21 05:10:45,847 - __main__ - INFO - Token value: HELLO!
2025-03-21 05:10:46,006 - __main__ - INFO - Weather in Berlin: 8.73
2025-03-21 06:17:03,873 - __main__ - INFO - Token value: HELLO!
2025-03-21 06:17:04,449 - __main__ - INFO - Weather in Berlin: 8.76
2025-03-21 07:10:51,840 - __main__ - INFO - Token value: HELLO!
2025-03-21 07:10:52,452 - __main__ - INFO - Weather in Berlin: 8.76
2025-03-21 08:14:11,364 - __main__ - INFO - Token value: HELLO!
2025-03-21 08:14:13,546 - __main__ - INFO - Weather in Berlin: 10.64
2025-03-21 09:11:37,133 - __main__ - INFO - Token value: HELLO!
2025-03-21 09:11:37,440 - __main__ - INFO - Weather in Berlin: 12.57
2025-03-21 10:11:43,148 - __main__ - INFO - Token value: HELLO!
2025-03-21 10:11:46,301 - __main__ - INFO - Weather in Berlin: 13.96
2025-03-21 11:09:35,643 - __main__ - INFO - Token value: HELLO!
2025-03-21 11:09:36,222 - __main__ - INFO - Weather in Berlin: 13.96
2025-03-21 12:20:08,968 - __main__ - INFO - Token value: HELLO!
2025-03-21 12:20:09,285 - __main__ - INFO - Weather in Berlin: 14.95
2025-03-21 13:19:45,733 - __main__ - INFO - Token value: HELLO!
2025-03-21 13:19:45,845 - __main__ - INFO - Weather in Berlin: 14.95
2025-03-21 14:10:24,974 - __main__ - INFO - Token value: HELLO!
2025-03-21 14:10:25,463 - __main__ - INFO - Weather in Berlin: 14.72
2025-03-21 15:11:19,933 - __main__ - INFO - Token value: HELLO!
2025-03-21 15:11:21,233 - __main__ - INFO - Weather in Berlin: 14.56
2025-03-21 16:13:26,270 - __main__ - INFO - Token value: HELLO!
2025-03-21 16:13:26,548 - __main__ - INFO - Weather in Berlin: 14.76
2025-03-21 17:09:34,497 - __main__ - INFO - Token value: HELLO!
2025-03-21 17:09:34,750 - __main__ - INFO - Weather in Berlin: 14.76
2025-03-21 18:14:29,171 - __main__ - INFO - Token value: HELLO!
2025-03-21 18:14:29,616 - __main__ - INFO - Weather in Berlin: 14.05
2025-03-21 19:08:08,468 - __main__ - INFO - Token value: HELLO!
2025-03-21 19:08:08,852 - __main__ - INFO - Weather in Berlin: 14.05
2025-03-21 20:11:53,083 - __main__ - INFO - Token value: HELLO!
2025-03-21 20:11:53,367 - __main__ - INFO - Weather in Berlin: 13.04
2025-03-21 21:09:33,228 - __main__ - INFO - Token value: HELLO!
2025-03-21 21:09:35,669 - __main__ - INFO - Weather in Berlin: 13.04
2025-03-21 22:10:30,269 - __main__ - INFO - Token value: HELLO!
2025-03-21 22:10:30,443 - __main__ - INFO - Weather in Berlin: 12.15
2025-03-21 23:10:00,049 - __main__ - INFO - Token value: HELLO!
2025-03-21 23:10:00,168 - __main__ - INFO - Weather in Berlin: 12.15
2025-03-22 00:51:12,832 - __main__ - INFO - Token value: HELLO!
2025-03-22 00:51:12,965 - __main__ - INFO - Weather in Berlin: 11.42
2025-03-22 02:16:36,388 - __main__ - INFO - Token value: HELLO!
2025-03-22 02:16:36,555 - __main__ - INFO - Weather in Berlin: 10.95
2025-03-22 03:24:26,970 - __main__ - INFO - Token value: HELLO!
2025-03-22 03:24:27,254 - __main__ - INFO - Weather in Berlin: 10.54
2025-03-22 04:12:48,327 - __main__ - INFO - Token value: HELLO!
2025-03-22 04:12:48,553 - __main__ - INFO - Weather in Berlin: 10.54
2025-03-22 05:10:22,645 - __main__ - INFO - Token value: HELLO!
2025-03-22 05:10:23,044 - __main__ - INFO - Weather in Berlin: 10.31
2025-03-22 06:13:55,060 - __main__ - INFO - Token value: HELLO!
2025-03-22 06:13:55,315 - __main__ - INFO - Weather in Berlin: 10.2
2025-03-22 07:10:19,847 - __main__ - INFO - Token value: HELLO!
2025-03-22 07:10:20,529 - __main__ - INFO - Weather in Berlin: 10.2
2025-03-22 08:12:57,414 - __main__ - INFO - Token value: HELLO!
2025-03-22 08:12:58,309 - __main__ - INFO - Weather in Berlin: 11.18
2025-03-22 09:11:28,669 - __main__ - INFO - Token value: HELLO!
2025-03-22 09:11:29,516 - __main__ - INFO - Weather in Berlin: 11.18
2025-03-22 10:11:14,214 - __main__ - INFO - Token value: HELLO!
2025-03-22 10:11:15,121 - __main__ - INFO - Weather in Berlin: 13.35
2025-03-22 11:08:37,343 - __main__ - INFO - Token value: HELLO!
2025-03-22 11:08:37,800 - __main__ - INFO - Weather in Berlin: 13.35
2025-03-22 12:17:53,008 - __main__ - INFO - Token value: HELLO!
2025-03-22 12:17:53,718 - __main__ - INFO - Weather in Berlin: 14.93
2025-03-22 13:15:11,421 - __main__ - INFO - Token value: HELLO!
2025-03-22 13:15:11,499 - __main__ - INFO - Weather in Berlin: 14.93
2025-03-22 14:10:16,119 - __main__ - INFO - Token value: HELLO!
2025-03-22 14:10:16,862 - __main__ - INFO - Weather in Berlin: 15.33
2025-03-22 15:09:20,197 - __main__ - INFO - Token value: HELLO!
2025-03-22 15:09:20,375 - __main__ - INFO - Weather in Berlin: 15.33
2025-03-22 16:11:38,017 - __main__ - INFO - Token value: HELLO!
2025-03-22 16:11:39,451 - __main__ - INFO - Weather in Berlin: 14.73
2025-03-22 17:08:17,512 - __main__ - INFO - Token value: HELLO!
2025-03-22 17:08:17,817 - __main__ - INFO - Weather in Berlin: 14.73
2025-03-22 18:13:26,010 - __main__ - INFO - Token value: HELLO!
2025-03-22 18:13:26,439 - __main__ - INFO - Weather in Berlin: 13.41
2025-03-22 19:08:36,275 - __main__ - INFO - Token value: HELLO!
2025-03-22 19:08:36,548 - __main__ - INFO - Weather in Berlin: 13.41
2025-03-22 20:11:04,207 - __main__ - INFO - Token value: HELLO!
2025-03-22 20:11:04,652 - __main__ - INFO - Weather in Berlin: 11.8
2025-03-22 21:09:08,801 - __main__ - INFO - Token value: HELLO!
2025-03-22 21:09:12,078 - __main__ - INFO - Weather in Berlin: 11.8
2025-03-22 22:09:02,586 - __main__ - INFO - Token value: HELLO!
2025-03-22 22:09:02,846 - __main__ - INFO - Weather in Berlin: 10.51
2025-03-22 23:10:27,517 - __main__ - INFO - Token value: HELLO!
2025-03-22 23:10:27,648 - __main__ - INFO - Weather in Berlin: 10.02
2025-03-23 00:56:21,996 - __main__ - INFO - Token value: HELLO!
2025-03-23 00:56:22,385 - __main__ - INFO - Weather in Berlin: 10.03
2025-03-23 02:25:32,153 - __main__ - INFO - Token value: HELLO!
2025-03-23 02:25:32,279 - __main__ - INFO - Weather in Berlin: 9.12
2025-03-23 03:27:50,806 - __main__ - INFO - Token value: HELLO!
2025-03-23 03:27:51,040 - __main__ - INFO - Weather in Berlin: 8.88
2025-03-23 04:12:44,757 - __main__ - INFO - Token value: HELLO!
2025-03-23 04:12:45,562 - __main__ - INFO - Weather in Berlin: 8.88
2025-03-23 05:10:21,656 - __main__ - INFO - Token value: HELLO!
2025-03-23 05:10:22,587 - __main__ - INFO - Weather in Berlin: 8.79
2025-03-23 06:13:47,249 - __main__ - INFO - Token value: HELLO!
2025-03-23 06:13:47,993 - __main__ - INFO - Weather in Berlin: 8.54
2025-03-23 07:09:43,599 - __main__ - INFO - Token value: HELLO!
2025-03-23 07:09:43,970 - __main__ - INFO - Weather in Berlin: 8.54
2025-03-23 08:13:06,934 - __main__ - INFO - Token value: HELLO!
2025-03-23 08:13:07,415 - __main__ - INFO - Weather in Berlin: 9.69
2025-03-23 09:10:15,912 - __main__ - INFO - Token value: HELLO!
2025-03-23 09:10:16,462 - __main__ - INFO - Weather in Berlin: 9.69
2025-03-23 10:10:22,285 - __main__ - INFO - Token value: HELLO!
2025-03-23 10:10:22,491 - __main__ - INFO - Weather in Berlin: 11.5
2025-03-23 11:09:08,273 - __main__ - INFO - Token value: HELLO!
2025-03-23 11:09:08,354 - __main__ - INFO - Weather in Berlin: 11.5
2025-03-23 12:18:25,672 - __main__ - INFO - Token value: HELLO!
2025-03-23 12:18:26,982 - __main__ - INFO - Weather in Berlin: 12.62
2025-03-23 13:15:42,798 - __main__ - INFO - Token value: HELLO!
2025-03-23 13:15:42,908 - __main__ - INFO - Weather in Berlin: 12.62
2025-03-23 14:08:47,089 - __main__ - INFO - Token value: HELLO!
2025-03-23 14:08:47,289 - __main__ - INFO - Weather in Berlin: 13.35
2025-03-23 15:09:54,764 - __main__ - INFO - Token value: HELLO!
2025-03-23 15:09:54,949 - __main__ - INFO - Weather in Berlin: 12.55
2025-03-23 16:11:36,115 - __main__ - INFO - Token value: HELLO!
2025-03-23 16:11:36,848 - __main__ - INFO - Weather in Berlin: 12.11
2025-03-23 17:08:54,388 - __main__ - INFO - Token value: HELLO!
2025-03-23 17:08:54,463 - __main__ - INFO - Weather in Berlin: 12.11
2025-03-23 18:13:07,299 - __main__ - INFO - Token value: HELLO!
2025-03-23 18:13:07,765 - __main__ - INFO - Weather in Berlin: 11.11
2025-03-23 19:09:11,584 - __main__ - INFO - Token value: HELLO!
2025-03-23 19:09:12,084 - __main__ - INFO - Weather in Berlin: 11.11
2025-03-23 20:10:51,762 - __main__ - INFO - Token value: HELLO!
2025-03-23 20:10:51,989 - __main__ - INFO - Weather in Berlin: 10.03
2025-03-23 21:08:56,973 - __main__ - INFO - Token value: HELLO!
2025-03-23 21:08:57,727 - __main__ - INFO - Weather in Berlin: 10.03
2025-03-23 22:10:06,183 - __main__ - INFO - Token value: HELLO!
2025-03-23 22:10:06,373 - __main__ - INFO - Weather in Berlin: 8.9
2025-03-23 23:09:39,508 - __main__ - INFO - Token value: HELLO!
2025-03-23 23:09:39,761 - __main__ - INFO - Weather in Berlin: 8.9
2025-03-24 00:54:38,267 - __main__ - INFO - Token value: HELLO!
2025-03-24 00:54:38,959 - __main__ - INFO - Weather in Berlin: 7.66
2025-03-24 02:24:27,442 - __main__ - INFO - Token value: HELLO!
2025-03-24 02:24:28,188 - __main__ - INFO - Weather in Berlin: 7.42
2025-03-24 03:29:40,768 - __main__ - INFO - Token value: HELLO!
2025-03-24 03:29:41,352 - __main__ - INFO - Weather in Berlin: 7.2
2025-03-24 04:13:58,274 - __main__ - INFO - Token value: HELLO!
2025-03-24 04:13:59,097 - __main__ - INFO - Weather in Berlin: 7.2
2025-03-24 05:11:34,013 - __main__ - INFO - Token value: HELLO!
2025-03-24 05:11:34,298 - __main__ - INFO - Weather in Berlin: 6.85
2025-03-24 06:16:05,013 - __main__ - INFO - Token value: HELLO!
2025-03-24 06:16:05,397 - __main__ - INFO - Weather in Berlin: 6.74
2025-03-24 07:11:40,572 - __main__ - INFO - Token value: HELLO!
2025-03-24 07:11:40,645 - __main__ - INFO - Weather in Berlin: 6.74
2025-03-24 08:15:28,464 - __main__ - INFO - Token value: HELLO!
2025-03-24 08:15:28,858 - __main__ - INFO - Weather in Berlin: 7.03
2025-03-24 09:12:45,735 - __main__ - INFO - Token value: HELLO!
2025-03-24 09:12:45,963 - __main__ - INFO - Weather in Berlin: 7.03
2025-03-24 10:12:18,457 - __main__ - INFO - Token value: HELLO!
2025-03-24 10:12:19,033 - __main__ - INFO - Weather in Berlin: 8.12
2025-03-24 11:09:35,871 - __main__ - INFO - Token value: HELLO!
2025-03-24 11:09:36,146 - __main__ - INFO - Weather in Berlin: 8.12
2025-03-24 12:21:33,614 - __main__ - INFO - Token value: HELLO!
2025-03-24 12:21:33,806 - __main__ - INFO - Weather in Berlin: 10.27
2025-03-24 13:21:37,493 - __main__ - INFO - Token value: HELLO!
2025-03-24 13:21:38,027 - __main__ - INFO - Weather in Berlin: 11.06
2025-03-24 14:11:26,329 - __main__ - INFO - Token value: HELLO!
2025-03-24 14:11:26,839 - __main__ - INFO - Weather in Berlin: 11.06
2025-03-24 15:12:06,350 - __main__ - INFO - Token value: HELLO!
2025-03-24 15:12:06,915 - __main__ - INFO - Weather in Berlin: 12.3
2025-03-24 16:14:19,655 - __main__ - INFO - Token value: HELLO!
2025-03-24 16:14:20,186 - __main__ - INFO - Weather in Berlin: 12.51
2025-03-24 17:10:07,137 - __main__ - INFO - Token value: HELLO!
2025-03-24 17:10:07,431 - __main__ - INFO - Weather in Berlin: 12.51
2025-03-24 18:15:10,192 - __main__ - INFO - Token value: HELLO!
2025-03-24 18:15:11,405 - __main__ - INFO - Weather in Berlin: 11.19
2025-03-24 19:08:34,844 - __main__ - INFO - Token value: HELLO!
2025-03-24 19:08:34,952 - __main__ - INFO - Weather in Berlin: 11.19
2025-03-24 20:11:14,966 - __main__ - INFO - Token value: HELLO!
2025-03-24 20:11:15,270 - __main__ - INFO - Weather in Berlin: 8.48
2025-03-24 21:10:02,358 - __main__ - INFO - Token value: HELLO!
2025-03-24 21:10:02,473 - __main__ - INFO - Weather in Berlin: 8.48
2025-03-24 22:09:58,578 - __main__ - INFO - Token value: HELLO!
2025-03-24 22:09:58,902 - __main__ - INFO - Weather in Berlin: 6.97
2025-03-24 23:10:05,354 - __main__ - INFO - Token value: HELLO!
2025-03-24 23:10:05,866 - __main__ - INFO - Weather in Berlin: 5.76
2025-03-25 00:53:16,697 - __main__ - INFO - Token value: HELLO!
2025-03-25 00:53:16,875 - __main__ - INFO - Weather in Berlin: 6.31
2025-03-25 02:21:00,772 - __main__ - INFO - Token value: HELLO!
2025-03-25 02:21:01,872 - __main__ - INFO - Weather in Berlin: 4.79
2025-03-25 03:26:03,289 - __main__ - INFO - Token value: HELLO!
2025-03-25 03:26:03,494 - __main__ - INFO - Weather in Berlin: 4.71
2025-03-25 04:13:17,246 - __main__ - INFO - Token value: HELLO!
2025-03-25 04:13:17,439 - __main__ - INFO - Weather in Berlin: 4.71
2025-03-25 05:12:19,490 - __main__ - INFO - Token value: HELLO!
2025-03-25 05:12:20,668 - __main__ - INFO - Weather in Berlin: 4.96
2025-03-25 06:15:59,341 - __main__ - INFO - Token value: HELLO!
2025-03-25 06:15:59,661 - __main__ - INFO - Weather in Berlin: 5.12
2025-03-25 07:11:53,875 - __main__ - INFO - Token value: HELLO!
2025-03-25 07:11:54,101 - __main__ - INFO - Weather in Berlin: 5.12
2025-03-25 08:14:57,568 - __main__ - INFO - Token value: HELLO!
2025-03-25 08:14:58,506 - __main__ - INFO - Weather in Berlin: 7.34
2025-03-25 09:11:49,712 - __main__ - INFO - Token value: HELLO!
2025-03-25 09:11:51,177 - __main__ - INFO - Weather in Berlin: 8.74
2025-03-25 10:12:00,777 - __main__ - INFO - Token value: HELLO!
2025-03-25 10:12:01,882 - __main__ - INFO - Weather in Berlin: 10.56
2025-03-25 11:09:26,681 - __main__ - INFO - Token value: HELLO!
2025-03-25 11:09:26,959 - __main__ - INFO - Weather in Berlin: 10.56
2025-03-25 12:20:49,430 - __main__ - INFO - Token value: HELLO!
2025-03-25 12:20:49,616 - __main__ - INFO - Weather in Berlin: 13.28
2025-03-25 13:21:46,809 - __main__ - INFO - Token value: HELLO!
2025-03-25 13:21:47,525 - __main__ - INFO - Weather in Berlin: 13.74
2025-03-25 14:11:19,884 - __main__ - INFO - Token value: HELLO!
2025-03-25 14:11:20,382 - __main__ - INFO - Weather in Berlin: 13.74
2025-03-25 15:11:50,359 - __main__ - INFO - Token value: HELLO!
2025-03-25 15:11:50,854 - __main__ - INFO - Weather in Berlin: 13.76
2025-03-25 16:12:32,822 - __main__ - INFO - Token value: HELLO!
2025-03-25 16:12:33,147 - __main__ - INFO - Weather in Berlin: 13.39
2025-03-25 17:10:27,202 - __main__ - INFO - Token value: HELLO!
2025-03-25 17:10:28,097 - __main__ - INFO - Weather in Berlin: 13.39
2025-03-25 18:14:58,440 - __main__ - INFO - Token value: HELLO!
2025-03-25 18:14:58,607 - __main__ - INFO - Weather in Berlin: 12.27
2025-03-25 19:09:08,450 - __main__ - INFO - Token value: HELLO!
2025-03-25 19:09:08,865 - __main__ - INFO - Weather in Berlin: 12.27
2025-03-25 20:12:17,627 - __main__ - INFO - Token value: HELLO!
2025-03-25 20:12:18,405 - __main__ - INFO - Weather in Berlin: 11.45
2025-03-25 21:09:57,624 - __main__ - INFO - Token value: HELLO!
2025-03-25 21:10:00,016 - __main__ - INFO - Weather in Berlin: 11.45
2025-03-25 22:09:58,350 - __main__ - INFO - Token value: HELLO!
2025-03-25 22:09:58,895 - __main__ - INFO - Weather in Berlin: 10.3
2025-03-25 23:10:01,280 - __main__ - INFO - Token value: HELLO!
2025-03-25 23:10:01,960 - __main__ - INFO - Weather in Berlin: 9.6
2025-03-26 00:52:42,849 - __main__ - INFO - Token value: HELLO!
2025-03-26 00:52:43,104 - __main__ - INFO - Weather in Berlin: 8.82
2025-03-26 02:19:59,750 - __main__ - INFO - Token value: HELLO!
2025-03-26 02:20:00,387 - __main__ - INFO - Weather in Berlin: 8.49
2025-03-26 03:24:42,381 - __main__ - INFO - Token value: HELLO!
2025-03-26 03:24:43,086 - __main__ - INFO - Weather in Berlin: 7.82
2025-03-26 04:13:19,335 - __main__ - INFO - Token value: HELLO!
2025-03-26 04:13:19,577 - __main__ - INFO - Weather in Berlin: 7.82
2025-03-26 05:11:25,056 - __main__ - INFO - Token value: HELLO!
2025-03-26 05:11:25,192 - __main__ - INFO - Weather in Berlin: 6.96
2025-03-26 06:15:43,532 - __main__ - INFO - Token value: HELLO!
2025-03-26 06:15:44,030 - __main__ - INFO - Weather in Berlin: 6.72
2025-03-26 07:11:12,277 - __main__ - INFO - Token value: HELLO!
2025-03-26 07:11:12,514 - __main__ - INFO - Weather in Berlin: 6.72
2025-03-26 08:14:42,648 - __main__ - INFO - Token value: HELLO!
2025-03-26 08:14:42,814 - __main__ - INFO - Weather in Berlin: 8.02
2025-03-26 09:12:07,054 - __main__ - INFO - Token value: HELLO!
2025-03-26 09:12:07,606 - __main__ - INFO - Weather in Berlin: 10.56
2025-03-26 10:12:05,028 - __main__ - INFO - Token value: HELLO!
2025-03-26 10:12:05,506 - __main__ - INFO - Weather in Berlin: 10.56
2025-03-26 11:09:27,197 - __main__ - INFO - Token value: HELLO!
2025-03-26 11:09:27,381 - __main__ - INFO - Weather in Berlin: 13.29
2025-03-26 12:20:48,116 - __main__ - INFO - Token value: HELLO!
2025-03-26 12:20:48,692 - __main__ - INFO - Weather in Berlin: 13.97
2025-03-26 13:21:31,017 - __main__ - INFO - Token value: HELLO!
2025-03-26 13:21:31,245 - __main__ - INFO - Weather in Berlin: 14.32
2025-03-26 14:11:17,020 - __main__ - INFO - Token value: HELLO!
2025-03-26 14:11:17,301 - __main__ - INFO - Weather in Berlin: 14.32
2025-03-26 15:12:05,254 - __main__ - INFO - Token value: HELLO!
2025-03-26 15:12:05,829 - __main__ - INFO - Weather in Berlin: 15.9
2025-03-26 16:14:17,508 - __main__ - INFO - Token value: HELLO!
2025-03-26 16:14:17,799 - __main__ - INFO - Weather in Berlin: 14.64
2025-03-26 17:10:03,573 - __main__ - INFO - Token value: HELLO!
2025-03-26 17:10:03,690 - __main__ - INFO - Weather in Berlin: 14.64
2025-03-26 18:15:15,481 - __main__ - INFO - Token value: HELLO!
2025-03-26 18:15:15,671 - __main__ - INFO - Weather in Berlin: 12.29
2025-03-26 19:08:45,382 - __main__ - INFO - Token value: HELLO!
2025-03-26 19:08:45,559 - __main__ - INFO - Weather in Berlin: 10.8
2025-03-26 20:12:28,068 - __main__ - INFO - Token value: HELLO!
2025-03-26 20:12:29,034 - __main__ - INFO - Weather in Berlin: 10.04
2025-03-26 21:10:06,346 - __main__ - INFO - Token value: HELLO!
2025-03-26 21:10:06,583 - __main__ - INFO - Weather in Berlin: 10.04
2025-03-26 22:10:08,337 - __main__ - INFO - Token value: HELLO!
2025-03-26 22:10:08,697 - __main__ - INFO - Weather in Berlin: 8.01
2025-03-26 23:10:37,627 - __main__ - INFO - Token value: HELLO!
2025-03-26 23:10:38,077 - __main__ - INFO - Weather in Berlin: 7.93
2025-03-27 00:52:45,824 - __main__ - INFO - Token value: HELLO!
2025-03-27 00:52:46,319 - __main__ - INFO - Weather in Berlin: 7.57
2025-03-27 02:19:55,144 - __main__ - INFO - Token value: HELLO!
2025-03-27 02:19:55,447 - __main__ - INFO - Weather in Berlin: 5.77
2025-03-27 03:27:00,912 - __main__ - INFO - Token value: HELLO!
2025-03-27 03:27:01,709 - __main__ - INFO - Weather in Berlin: 5.4
2025-03-27 04:13:28,050 - __main__ - INFO - Token value: HELLO!
2025-03-27 04:13:28,298 - __main__ - INFO - Weather in Berlin: 5.4
2025-03-27 05:11:39,940 - __main__ - INFO - Token value: HELLO!
2025-03-27 05:11:41,234 - __main__ - INFO - Weather in Berlin: 6.3
2025-03-27 06:15:43,463 - __main__ - INFO - Token value: HELLO!
2025-03-27 06:15:44,315 - __main__ - INFO - Weather in Berlin: 5.0
2025-03-27 07:11:03,492 - __main__ - INFO - Token value: HELLO!
2025-03-27 07:11:03,944 - __main__ - INFO - Weather in Berlin: 5.0
2025-03-27 08:14:42,480 - __main__ - INFO - Token value: HELLO!
2025-03-27 08:14:42,976 - __main__ - INFO - Weather in Berlin: 8.51
2025-03-27 09:12:41,016 - __main__ - INFO - Token value: HELLO!
2025-03-27 09:12:41,764 - __main__ - INFO - Weather in Berlin: 9.55
2025-03-27 10:12:01,741 - __main__ - INFO - Token value: HELLO!
2025-03-27 10:12:02,365 - __main__ - INFO - Weather in Berlin: 9.55
2025-03-27 11:09:23,853 - __main__ - INFO - Token value: HELLO!
2025-03-27 11:09:24,411 - __main__ - INFO - Weather in Berlin: 12.72
2025-03-27 12:21:26,651 - __main__ - INFO - Token value: HELLO!
2025-03-27 12:21:27,225 - __main__ - INFO - Weather in Berlin: 12.94
2025-03-27 13:20:55,170 - __main__ - INFO - Token value: HELLO!
2025-03-27 13:20:55,677 - __main__ - INFO - Weather in Berlin: 12.94
2025-03-27 14:11:19,351 - __main__ - INFO - Token value: HELLO!
2025-03-27 14:11:19,608 - __main__ - INFO - Weather in Berlin: 13.87
2025-03-27 15:11:48,940 - __main__ - INFO - Token value: HELLO!
2025-03-27 15:11:49,114 - __main__ - INFO - Weather in Berlin: 13.83
2025-03-27 16:13:46,562 - __main__ - INFO - Token value: HELLO!
2025-03-27 16:13:46,727 - __main__ - INFO - Weather in Berlin: 13.62
2025-03-27 17:09:50,193 - __main__ - INFO - Token value: HELLO!
2025-03-27 17:09:51,014 - __main__ - INFO - Weather in Berlin: 13.62
2025-03-27 18:14:57,642 - __main__ - INFO - Token value: HELLO!
2025-03-27 18:14:57,982 - __main__ - INFO - Weather in Berlin: 11.82
2025-03-27 19:08:42,759 - __main__ - INFO - Token value: HELLO!
2025-03-27 19:08:42,834 - __main__ - INFO - Weather in Berlin: 11.82
2025-03-27 20:11:58,244 - __main__ - INFO - Token value: HELLO!
2025-03-27 20:11:58,623 - __main__ - INFO - Weather in Berlin: 10.01
2025-03-27 21:10:18,865 - __main__ - INFO - Token value: HELLO!
2025-03-27 21:10:19,584 - __main__ - INFO - Weather in Berlin: 10.01
2025-03-27 22:10:13,600 - __main__ - INFO - Token value: HELLO!
2025-03-27 22:10:14,395 - __main__ - INFO - Weather in Berlin: 9.47
2025-03-27 23:10:38,521 - __main__ - INFO - Token value: HELLO!
2025-03-27 23:10:39,660 - __main__ - INFO - Weather in Berlin: 9.13
2025-03-28 00:52:38,874 - __main__ - INFO - Token value: HELLO!
2025-03-28 00:52:39,113 - __main__ - INFO - Weather in Berlin: 8.41
2025-03-28 02:21:37,751 - __main__ - INFO - Token value: HELLO!
2025-03-28 02:21:38,051 - __main__ - INFO - Weather in Berlin: 8.99
2025-03-28 03:27:03,896 - __main__ - INFO - Token value: HELLO!
2025-03-28 03:27:04,574 - __main__ - INFO - Weather in Berlin: 9.05
2025-03-28 04:13:37,050 - __main__ - INFO - Token value: HELLO!
2025-03-28 04:13:37,769 - __main__ - INFO - Weather in Berlin: 9.05
2025-03-28 05:11:35,118 - __main__ - INFO - Token value: HELLO!
2025-03-28 05:11:35,288 - __main__ - INFO - Weather in Berlin: 9.27
2025-03-28 06:16:10,981 - __main__ - INFO - Token value: HELLO!
2025-03-28 06:16:11,736 - __main__ - INFO - Weather in Berlin: 9.36
2025-03-28 07:11:14,380 - __main__ - INFO - Token value: HELLO!
2025-03-28 07:11:15,138 - __main__ - INFO - Weather in Berlin: 9.36
2025-03-28 08:14:57,921 - __main__ - INFO - Token value: HELLO!
2025-03-28 08:14:58,361 - __main__ - INFO - Weather in Berlin: 9.95
2025-03-28 09:11:55,436 - __main__ - INFO - Token value: HELLO!
2025-03-28 09:11:55,997 - __main__ - INFO - Weather in Berlin: 10.47
2025-03-28 10:11:40,719 - __main__ - INFO - Token value: HELLO!
2025-03-28 10:11:41,336 - __main__ - INFO - Weather in Berlin: 10.47
2025-03-28 11:09:25,916 - __main__ - INFO - Token value: HELLO!
2025-03-28 11:09:26,817 - __main__ - INFO - Weather in Berlin: 11.92
2025-03-28 12:20:31,574 - __main__ - INFO - Token value: HELLO!
2025-03-28 12:20:31,880 - __main__ - INFO - Weather in Berlin: 12.81
2025-03-28 13:20:25,036 - __main__ - INFO - Token value: HELLO!
2025-03-28 13:20:25,108 - __main__ - INFO - Weather in Berlin: 12.81
2025-03-28 14:10:42,214 - __main__ - INFO - Token value: HELLO!
2025-03-28 14:10:42,762 - __main__ - INFO - Weather in Berlin: 13.25
2025-03-28 15:11:22,444 - __main__ - INFO - Token value: HELLO!
2025-03-28 15:11:23,341 - __main__ - INFO - Weather in Berlin: 13.5
2025-03-28 16:13:34,620 - __main__ - INFO - Token value: HELLO!
2025-03-28 16:13:35,386 - __main__ - INFO - Weather in Berlin: 13.83
2025-03-28 17:10:27,577 - __main__ - INFO - Token value: HELLO!
2025-03-28 17:10:28,717 - __main__ - INFO - Weather in Berlin: 13.83
2025-03-28 18:15:03,649 - __main__ - INFO - Token value: HELLO!
2025-03-28 18:15:04,001 - __main__ - INFO - Weather in Berlin: 11.78
2025-03-28 19:09:20,055 - __main__ - INFO - Token value: HELLO!
2025-03-28 19:09:20,482 - __main__ - INFO - Weather in Berlin: 11.78
2025-03-28 20:12:20,962 - __main__ - INFO - Token value: HELLO!
2025-03-28 20:12:21,105 - __main__ - INFO - Weather in Berlin: 9.08
2025-03-28 21:09:44,125 - __main__ - INFO - Token value: HELLO!
2025-03-28 21:09:44,847 - __main__ - INFO - Weather in Berlin: 9.08
2025-03-28 22:10:04,322 - __main__ - INFO - Token value: HELLO!
2025-03-28 22:10:04,455 - __main__ - INFO - Weather in Berlin: 7.83
2025-03-28 23:09:56,699 - __main__ - INFO - Token value: HELLO!
2025-03-28 23:09:56,936 - __main__ - INFO - Weather in Berlin: 7.83
2025-03-29 00:52:13,068 - __main__ - INFO - Token value: HELLO!
2025-03-29 00:52:13,280 - __main__ - INFO - Weather in Berlin: 5.42
2025-03-29 02:18:33,250 - __main__ - INFO - Token value: HELLO!
2025-03-29 02:18:33,820 - __main__ - INFO - Weather in Berlin: 5.2
2025-03-29 03:23:20,067 - __main__ - INFO - Token value: HELLO!
2025-03-29 03:23:20,870 - __main__ - INFO - Weather in Berlin: 4.77
2025-03-29 04:13:12,542 - __main__ - INFO - Token value: HELLO!
2025-03-29 04:13:13,067 - __main__ - INFO - Weather in Berlin: 4.77
2025-03-29 05:10:21,023 - __main__ - INFO - Token value: HELLO!
2025-03-29 05:10:21,600 - __main__ - INFO - Weather in Berlin: 3.63
2025-03-29 06:13:58,450 - __main__ - INFO - Token value: HELLO!
2025-03-29 06:13:59,117 - __main__ - INFO - Weather in Berlin: 3.19
2025-03-29 07:09:51,954 - __main__ - INFO - Token value: HELLO!
2025-03-29 07:09:52,521 - __main__ - INFO - Weather in Berlin: 3.19
2025-03-29 08:13:13,060 - __main__ - INFO - Token value: HELLO!
2025-03-29 08:13:13,934 - __main__ - INFO - Weather in Berlin: 6.38
2025-03-29 09:10:26,362 - __main__ - INFO - Token value: HELLO!
2025-03-29 09:10:27,038 - __main__ - INFO - Weather in Berlin: 6.38
2025-03-29 10:10:31,149 - __main__ - INFO - Token value: HELLO!
2025-03-29 10:10:31,794 - __main__ - INFO - Weather in Berlin: 10.91
2025-03-29 11:08:11,205 - __main__ - INFO - Token value: HELLO!
2025-03-29 11:08:11,950 - __main__ - INFO - Weather in Berlin: 10.91
2025-03-29 12:18:15,409 - __main__ - INFO - Token value: HELLO!
2025-03-29 12:18:15,716 - __main__ - INFO - Weather in Berlin: 12.74
2025-03-29 13:17:02,054 - __main__ - INFO - Token value: HELLO!
2025-03-29 13:17:02,165 - __main__ - INFO - Weather in Berlin: 12.74
